[ 2015-07-01T08:59:58+08:00 ] 127.0.0.1 /admin.php
INFO: [ app_init ] --START--
INFO: Run Behavior\BuildLiteBehavior [ RunTime:0.000000s ]
INFO: [ app_init ] --END-- [ RunTime:0.002000s ]
INFO: [ app_begin ] --START--
INFO: Run Behavior\ReadHtmlCacheBehavior [ RunTime:0.001000s ]
INFO: [ app_begin ] --END-- [ RunTime:0.002000s ]

[ 2015-07-01T08:59:58+08:00 ] 127.0.0.1 /admin.php/Public/login.html
INFO: [ app_init ] --START--
INFO: Run Behavior\BuildLiteBehavior [ RunTime:0.000000s ]
INFO: [ app_init ] --END-- [ RunTime:0.000000s ]
INFO: [ app_begin ] --START--
INFO: Run Behavior\ReadHtmlCacheBehavior [ RunTime:0.001000s ]
INFO: [ app_begin ] --END-- [ RunTime:0.002000s ]
INFO: [ view_parse ] --START--
INFO: [ template_filter ] --START--
INFO: Run Behavior\ContentReplaceBehavior [ RunTime:0.000000s ]
INFO: [ template_filter ] --END-- [ RunTime:0.000000s ]
INFO: Run Behavior\ParseTemplateBehavior [ RunTime:0.023001s ]
INFO: [ view_parse ] --END-- [ RunTime:0.023001s ]
INFO: [ view_filter ] --START--
INFO: Run Behavior\WriteHtmlCacheBehavior [ RunTime:0.008000s ]
INFO: [ view_filter ] --END-- [ RunTime:0.009000s ]
INFO: [ app_end ] --START--
INFO: Run Behavior\ShowPageTraceBehavior [ RunTime:0.001001s ]
INFO: [ app_end ] --END-- [ RunTime:0.001001s ]

[ 2015-07-01T08:59:59+08:00 ] 127.0.0.1 /admin.php/Public/verify.html
INFO: [ app_init ] --START--
INFO: Run Behavior\BuildLiteBehavior [ RunTime:0.000000s ]
INFO: [ app_init ] --END-- [ RunTime:0.000000s ]
INFO: [ app_begin ] --START--
INFO: Run Behavior\ReadHtmlCacheBehavior [ RunTime:0.000000s ]
INFO: [ app_begin ] --END-- [ RunTime:0.001000s ]
INFO: [ app_end ] --START--
INFO: Run Behavior\ShowPageTraceBehavior [ RunTime:0.001000s ]
INFO: [ app_end ] --END-- [ RunTime:0.001000s ]

[ 2015-07-01T09:00:06+08:00 ] 127.0.0.1 /admin.php/Public/login.html
INFO: [ app_init ] --START--
INFO: Run Behavior\BuildLiteBehavior [ RunTime:0.000000s ]
INFO: [ app_init ] --END-- [ RunTime:0.000000s ]
INFO: [ app_begin ] --START--
INFO: Run Behavior\ReadHtmlCacheBehavior [ RunTime:0.000000s ]
INFO: [ app_begin ] --END-- [ RunTime:0.000000s ]
SQL: SHOW COLUMNS FROM `jfsd_admin` [ RunTime:0.1290s ]
SQL: SELECT `user_id`,`username`,`password`,`salt`,`status`,`group_id`,`create_time`,`update_time`,`login`,`last_login_time`,`last_login_ip`,`auth_key`,`password_reset_token` FROM `jfsd_admin` WHERE `username` = 'admin' LIMIT 1   [ RunTime:0.0020s ]
INFO: [ view_parse ] --START--
INFO: [ template_filter ] --START--
INFO: Run Behavior\ContentReplaceBehavior [ RunTime:0.001000s ]
INFO: [ template_filter ] --END-- [ RunTime:0.001000s ]
INFO: Run Behavior\ParseTemplateBehavior [ RunTime:0.043003s ]
INFO: [ view_parse ] --END-- [ RunTime:0.043003s ]
INFO: [ view_filter ] --START--
INFO: Run Behavior\WriteHtmlCacheBehavior [ RunTime:0.001000s ]
INFO: [ view_filter ] --END-- [ RunTime:0.002000s ]
INFO: [ app_end ] --START--
INFO: Run Behavior\ShowPageTraceBehavior [ RunTime:0.002000s ]
INFO: [ app_end ] --END-- [ RunTime:0.002000s ]

[ 2015-07-01T09:00:07+08:00 ] 127.0.0.1 /admin.php/Index/index.html
INFO: [ app_init ] --START--
INFO: Run Behavior\BuildLiteBehavior [ RunTime:0.000000s ]
INFO: [ app_init ] --END-- [ RunTime:0.001000s ]
INFO: [ app_begin ] --START--
INFO: Run Behavior\ReadHtmlCacheBehavior [ RunTime:0.001000s ]
INFO: [ app_begin ] --END-- [ RunTime:0.001000s ]
INFO: [ view_parse ] --START--
INFO: [ template_filter ] --START--
INFO: Run Behavior\ContentReplaceBehavior [ RunTime:0.000000s ]
INFO: [ template_filter ] --END-- [ RunTime:0.000000s ]
INFO: Run Behavior\ParseTemplateBehavior [ RunTime:0.013001s ]
INFO: [ view_parse ] --END-- [ RunTime:0.013001s ]
INFO: [ view_filter ] --START--
INFO: Run Behavior\WriteHtmlCacheBehavior [ RunTime:0.001000s ]
INFO: [ view_filter ] --END-- [ RunTime:0.001000s ]
INFO: [ app_end ] --START--
INFO: Run Behavior\ShowPageTraceBehavior [ RunTime:0.001000s ]
INFO: [ app_end ] --END-- [ RunTime:0.001000s ]

[ 2015-07-01T09:00:07+08:00 ] 127.0.0.1 /admin.php/Index/Public/Admin/images/xtb6.png
INFO: [ app_init ] --START--
INFO: Run Behavior\BuildLiteBehavior [ RunTime:0.000000s ]
INFO: [ app_init ] --END-- [ RunTime:0.001000s ]

[ 2015-07-01T09:00:07+08:00 ] 127.0.0.1 /admin.php/Index/Public/Admin/images/xtb1.png
INFO: [ app_init ] --START--
INFO: Run Behavior\BuildLiteBehavior [ RunTime:0.000000s ]
INFO: [ app_init ] --END-- [ RunTime:0.001000s ]

[ 2015-07-01T09:00:07+08:00 ] 127.0.0.1 /admin.php/Index/Public/Admin/images/xtb3.png
INFO: [ app_init ] --START--
INFO: Run Behavior\BuildLiteBehavior [ RunTime:0.000000s ]
INFO: [ app_init ] --END-- [ RunTime:0.000000s ]

[ 2015-07-01T09:00:07+08:00 ] 127.0.0.1 /admin.php/Index/Public/Admin/images/xtb5.png
INFO: [ app_init ] --START--
INFO: Run Behavior\BuildLiteBehavior [ RunTime:0.000000s ]
INFO: [ app_init ] --END-- [ RunTime:0.001000s ]

[ 2015-07-01T09:00:07+08:00 ] 127.0.0.1 /admin.php/Index/Public/Admin/images/xtb2.png
INFO: [ app_init ] --START--
INFO: Run Behavior\BuildLiteBehavior [ RunTime:0.000000s ]
INFO: [ app_init ] --END-- [ RunTime:0.001000s ]

[ 2015-07-01T09:00:07+08:00 ] 127.0.0.1 /admin.php/Index/Public/Admin/images/xtb4.png
INFO: [ app_init ] --START--
INFO: Run Behavior\BuildLiteBehavior [ RunTime:0.000000s ]
INFO: [ app_init ] --END-- [ RunTime:0.001000s ]

[ 2015-07-01T09:00:10+08:00 ] 127.0.0.1 /admin.php/Config/index.html
INFO: [ app_init ] --START--
INFO: Run Behavior\BuildLiteBehavior [ RunTime:0.000000s ]
INFO: [ app_init ] --END-- [ RunTime:0.000000s ]
INFO: [ app_begin ] --START--
INFO: Run Behavior\ReadHtmlCacheBehavior [ RunTime:0.001000s ]
INFO: [ app_begin ] --END-- [ RunTime:0.001000s ]
SQL: SHOW COLUMNS FROM `jfsd_config` [ RunTime:0.0290s ]
SQL: SELECT COUNT(*) AS tp_count FROM `jfsd_config` WHERE `status` = 1 LIMIT 1   [ RunTime:0.0010s ]
SQL: SELECT `id`,`name`,`type`,`title`,`group`,`extra`,`remark`,`create_time`,`update_time`,`status`,`value`,`sort` FROM `jfsd_config` WHERE `status` = 1 ORDER BY sort,id LIMIT 0,15   [ RunTime:0.0030s ]
INFO: [ view_parse ] --START--
INFO: [ template_filter ] --START--
INFO: Run Behavior\ContentReplaceBehavior [ RunTime:0.000000s ]
INFO: [ template_filter ] --END-- [ RunTime:0.001000s ]
INFO: Run Behavior\ParseTemplateBehavior [ RunTime:0.059004s ]
INFO: [ view_parse ] --END-- [ RunTime:0.059004s ]
INFO: [ view_filter ] --START--
INFO: Run Behavior\WriteHtmlCacheBehavior [ RunTime:0.001000s ]
INFO: [ view_filter ] --END-- [ RunTime:0.001000s ]
INFO: [ app_end ] --START--
INFO: Run Behavior\ShowPageTraceBehavior [ RunTime:0.001000s ]
INFO: [ app_end ] --END-- [ RunTime:0.002000s ]

[ 2015-07-01T09:00:11+08:00 ] 127.0.0.1 /admin.php/Config/Public/Admin/images/xtb6.png
INFO: [ app_init ] --START--
INFO: Run Behavior\BuildLiteBehavior [ RunTime:0.000000s ]
INFO: [ app_init ] --END-- [ RunTime:0.000000s ]

[ 2015-07-01T09:00:11+08:00 ] 127.0.0.1 /admin.php/Config/Public/Admin/images/xtb5.png
INFO: [ app_init ] --START--
INFO: Run Behavior\BuildLiteBehavior [ RunTime:0.000000s ]
INFO: [ app_init ] --END-- [ RunTime:0.000000s ]

[ 2015-07-01T09:00:11+08:00 ] 127.0.0.1 /admin.php/Config/Public/Admin/images/xtb4.png
INFO: [ app_init ] --START--
INFO: Run Behavior\BuildLiteBehavior [ RunTime:0.000000s ]
INFO: [ app_init ] --END-- [ RunTime:0.002000s ]

[ 2015-07-01T09:00:11+08:00 ] 127.0.0.1 /admin.php/Config/Public/Admin/images/xtb3.png
INFO: [ app_init ] --START--
INFO: Run Behavior\BuildLiteBehavior [ RunTime:0.001000s ]
INFO: [ app_init ] --END-- [ RunTime:0.001000s ]

[ 2015-07-01T09:00:11+08:00 ] 127.0.0.1 /admin.php/Config/Public/Admin/images/xtb2.png
INFO: [ app_init ] --START--
INFO: Run Behavior\BuildLiteBehavior [ RunTime:0.000000s ]
INFO: [ app_init ] --END-- [ RunTime:0.001001s ]

[ 2015-07-01T09:00:11+08:00 ] 127.0.0.1 /admin.php/Config/Public/Admin/images/xtb1.png
INFO: [ app_init ] --START--
INFO: Run Behavior\BuildLiteBehavior [ RunTime:0.000000s ]
INFO: [ app_init ] --END-- [ RunTime:0.000000s ]

[ 2015-07-01T09:00:12+08:00 ] 127.0.0.1 /admin.php/Config/index.html
INFO: [ app_init ] --START--
INFO: Run Behavior\BuildLiteBehavior [ RunTime:0.000000s ]
INFO: [ app_init ] --END-- [ RunTime:0.000000s ]
INFO: [ app_begin ] --START--
INFO: Run Behavior\ReadHtmlCacheBehavior [ RunTime:0.001000s ]
INFO: [ app_begin ] --END-- [ RunTime:0.002000s ]
SQL: SHOW COLUMNS FROM `jfsd_config` [ RunTime:0.0050s ]
SQL: SELECT COUNT(*) AS tp_count FROM `jfsd_config` WHERE `status` = 1 LIMIT 1   [ RunTime:0.0000s ]
SQL: SELECT `id`,`name`,`type`,`title`,`group`,`extra`,`remark`,`create_time`,`update_time`,`status`,`value`,`sort` FROM `jfsd_config` WHERE `status` = 1 ORDER BY sort,id LIMIT 0,15   [ RunTime:0.0000s ]
INFO: [ view_parse ] --START--
INFO: [ template_filter ] --START--
INFO: Run Behavior\ContentReplaceBehavior [ RunTime:0.000000s ]
INFO: [ template_filter ] --END-- [ RunTime:0.000000s ]
INFO: Run Behavior\ParseTemplateBehavior [ RunTime:0.016001s ]
INFO: [ view_parse ] --END-- [ RunTime:0.017001s ]
INFO: [ view_filter ] --START--
INFO: Run Behavior\WriteHtmlCacheBehavior [ RunTime:0.000000s ]
INFO: [ view_filter ] --END-- [ RunTime:0.000000s ]
INFO: [ app_end ] --START--
INFO: Run Behavior\ShowPageTraceBehavior [ RunTime:0.001000s ]
INFO: [ app_end ] --END-- [ RunTime:0.001000s ]

[ 2015-07-01T09:00:12+08:00 ] 127.0.0.1 /admin.php/Config/Public/Admin/images/xtb6.png
INFO: [ app_init ] --START--
INFO: Run Behavior\BuildLiteBehavior [ RunTime:0.001000s ]
INFO: [ app_init ] --END-- [ RunTime:0.001000s ]

[ 2015-07-01T09:00:12+08:00 ] 127.0.0.1 /admin.php/Config/Public/Admin/images/xtb5.png
INFO: [ app_init ] --START--
INFO: Run Behavior\BuildLiteBehavior [ RunTime:0.000000s ]
INFO: [ app_init ] --END-- [ RunTime:0.001000s ]

[ 2015-07-01T09:00:12+08:00 ] 127.0.0.1 /admin.php/Config/Public/Admin/images/xtb4.png
INFO: [ app_init ] --START--
INFO: Run Behavior\BuildLiteBehavior [ RunTime:0.001000s ]
INFO: [ app_init ] --END-- [ RunTime:0.001000s ]

[ 2015-07-01T09:00:12+08:00 ] 127.0.0.1 /admin.php/Config/Public/Admin/images/xtb1.png
INFO: [ app_init ] --START--
INFO: Run Behavior\BuildLiteBehavior [ RunTime:0.000000s ]
INFO: [ app_init ] --END-- [ RunTime:0.001000s ]

[ 2015-07-01T09:00:12+08:00 ] 127.0.0.1 /admin.php/Config/Public/Admin/images/xtb3.png
INFO: [ app_init ] --START--
INFO: Run Behavior\BuildLiteBehavior [ RunTime:0.000000s ]
INFO: [ app_init ] --END-- [ RunTime:0.000000s ]

[ 2015-07-01T09:00:12+08:00 ] 127.0.0.1 /admin.php/Config/Public/Admin/images/xtb2.png
INFO: [ app_init ] --START--
INFO: Run Behavior\BuildLiteBehavior [ RunTime:0.000000s ]
INFO: [ app_init ] --END-- [ RunTime:0.001000s ]

[ 2015-07-01T09:00:16+08:00 ] 127.0.0.1 /admin.php/Config/index/p/2.html
INFO: [ app_init ] --START--
INFO: Run Behavior\BuildLiteBehavior [ RunTime:0.000000s ]
INFO: [ app_init ] --END-- [ RunTime:0.001000s ]
INFO: [ app_begin ] --START--
INFO: Run Behavior\ReadHtmlCacheBehavior [ RunTime:0.001000s ]
INFO: [ app_begin ] --END-- [ RunTime:0.001000s ]
SQL: SHOW COLUMNS FROM `jfsd_config` [ RunTime:0.0060s ]
SQL: SELECT COUNT(*) AS tp_count FROM `jfsd_config` WHERE `status` = 1 LIMIT 1   [ RunTime:0.0010s ]
SQL: SELECT `id`,`name`,`type`,`title`,`group`,`extra`,`remark`,`create_time`,`update_time`,`status`,`value`,`sort` FROM `jfsd_config` WHERE `status` = 1 ORDER BY sort,id LIMIT 15,15   [ RunTime:0.0010s ]
INFO: [ view_parse ] --START--
INFO: [ template_filter ] --START--
INFO: Run Behavior\ContentReplaceBehavior [ RunTime:0.000000s ]
INFO: [ template_filter ] --END-- [ RunTime:0.000000s ]
INFO: Run Behavior\ParseTemplateBehavior [ RunTime:0.014000s ]
INFO: [ view_parse ] --END-- [ RunTime:0.015000s ]
INFO: [ view_filter ] --START--
INFO: Run Behavior\WriteHtmlCacheBehavior [ RunTime:0.000000s ]
INFO: [ view_filter ] --END-- [ RunTime:0.000000s ]
INFO: [ app_end ] --START--
INFO: Run Behavior\ShowPageTraceBehavior [ RunTime:0.001001s ]
INFO: [ app_end ] --END-- [ RunTime:0.001001s ]

[ 2015-07-01T09:00:16+08:00 ] 127.0.0.1 /admin.php/Config/index/p/Public/Admin/images/xtb3.png
INFO: [ app_init ] --START--
INFO: Run Behavior\BuildLiteBehavior [ RunTime:0.000000s ]
INFO: [ app_init ] --END-- [ RunTime:0.001000s ]

[ 2015-07-01T09:00:16+08:00 ] 127.0.0.1 /admin.php/Config/index/p/Public/Admin/images/xtb6.png
INFO: [ app_init ] --START--
INFO: Run Behavior\BuildLiteBehavior [ RunTime:0.000000s ]
INFO: [ app_init ] --END-- [ RunTime:0.001000s ]

[ 2015-07-01T09:00:16+08:00 ] 127.0.0.1 /admin.php/Config/index/p/Public/Admin/images/xtb4.png
INFO: [ app_init ] --START--
INFO: Run Behavior\BuildLiteBehavior [ RunTime:0.000000s ]
INFO: [ app_init ] --END-- [ RunTime:0.001000s ]

[ 2015-07-01T09:00:16+08:00 ] 127.0.0.1 /admin.php/Config/index/p/Public/Admin/images/xtb2.png
INFO: [ app_init ] --START--
INFO: Run Behavior\BuildLiteBehavior [ RunTime:0.000000s ]
INFO: [ app_init ] --END-- [ RunTime:0.001000s ]

[ 2015-07-01T09:00:16+08:00 ] 127.0.0.1 /admin.php/Config/index/p/Public/Admin/images/xtb1.png
INFO: [ app_init ] --START--
INFO: Run Behavior\BuildLiteBehavior [ RunTime:0.000000s ]
INFO: [ app_init ] --END-- [ RunTime:0.001001s ]

[ 2015-07-01T09:00:16+08:00 ] 127.0.0.1 /admin.php/Config/index/p/Public/Admin/images/xtb5.png
INFO: [ app_init ] --START--
INFO: Run Behavior\BuildLiteBehavior [ RunTime:0.000000s ]
INFO: [ app_init ] --END-- [ RunTime:0.001000s ]

[ 2015-07-01T09:00:17+08:00 ] 127.0.0.1 /admin.php/Config/index/p/1.html
INFO: [ app_init ] --START--
INFO: Run Behavior\BuildLiteBehavior [ RunTime:0.000000s ]
INFO: [ app_init ] --END-- [ RunTime:0.001000s ]
INFO: [ app_begin ] --START--
INFO: Run Behavior\ReadHtmlCacheBehavior [ RunTime:0.001000s ]
INFO: [ app_begin ] --END-- [ RunTime:0.001000s ]
SQL: SHOW COLUMNS FROM `jfsd_config` [ RunTime:0.0050s ]
SQL: SELECT COUNT(*) AS tp_count FROM `jfsd_config` WHERE `status` = 1 LIMIT 1   [ RunTime:0.0010s ]
SQL: SELECT `id`,`name`,`type`,`title`,`group`,`extra`,`remark`,`create_time`,`update_time`,`status`,`value`,`sort` FROM `jfsd_config` WHERE `status` = 1 ORDER BY sort,id LIMIT 0,15   [ RunTime:0.0010s ]
INFO: [ view_parse ] --START--
INFO: [ template_filter ] --START--
INFO: Run Behavior\ContentReplaceBehavior [ RunTime:0.000000s ]
INFO: [ template_filter ] --END-- [ RunTime:0.000000s ]
INFO: Run Behavior\ParseTemplateBehavior [ RunTime:0.015000s ]
INFO: [ view_parse ] --END-- [ RunTime:0.015000s ]
INFO: [ view_filter ] --START--
INFO: Run Behavior\WriteHtmlCacheBehavior [ RunTime:0.001000s ]
INFO: [ view_filter ] --END-- [ RunTime:0.001000s ]
INFO: [ app_end ] --START--
INFO: Run Behavior\ShowPageTraceBehavior [ RunTime:0.001001s ]
INFO: [ app_end ] --END-- [ RunTime:0.002001s ]

[ 2015-07-01T09:00:17+08:00 ] 127.0.0.1 /admin.php/Config/index/p/Public/Admin/images/xtb6.png
INFO: [ app_init ] --START--
INFO: Run Behavior\BuildLiteBehavior [ RunTime:0.000000s ]
INFO: [ app_init ] --END-- [ RunTime:0.001000s ]

[ 2015-07-01T09:00:17+08:00 ] 127.0.0.1 /admin.php/Config/index/p/Public/Admin/images/xtb5.png
INFO: [ app_init ] --START--
INFO: Run Behavior\BuildLiteBehavior [ RunTime:0.000000s ]
INFO: [ app_init ] --END-- [ RunTime:0.000000s ]

[ 2015-07-01T09:00:17+08:00 ] 127.0.0.1 /admin.php/Config/index/p/Public/Admin/images/xtb4.png
INFO: [ app_init ] --START--
INFO: Run Behavior\BuildLiteBehavior [ RunTime:0.000000s ]
INFO: [ app_init ] --END-- [ RunTime:0.001000s ]

[ 2015-07-01T09:00:18+08:00 ] 127.0.0.1 /admin.php/Config/index/p/Public/Admin/images/xtb3.png
INFO: [ app_init ] --START--
INFO: Run Behavior\BuildLiteBehavior [ RunTime:0.000000s ]
INFO: [ app_init ] --END-- [ RunTime:0.001000s ]

[ 2015-07-01T09:00:18+08:00 ] 127.0.0.1 /admin.php/Config/index/p/Public/Admin/images/xtb1.png
INFO: [ app_init ] --START--
INFO: Run Behavior\BuildLiteBehavior [ RunTime:0.000000s ]
INFO: [ app_init ] --END-- [ RunTime:0.001000s ]

[ 2015-07-01T09:00:18+08:00 ] 127.0.0.1 /admin.php/Config/index/p/Public/Admin/images/xtb2.png
INFO: [ app_init ] --START--
INFO: Run Behavior\BuildLiteBehavior [ RunTime:0.000000s ]
INFO: [ app_init ] --END-- [ RunTime:0.000000s ]

[ 2015-07-01T09:00:20+08:00 ] 127.0.0.1 /admin.php/Config/index/p/2.html
INFO: [ app_init ] --START--
INFO: Run Behavior\BuildLiteBehavior [ RunTime:0.000000s ]
INFO: [ app_init ] --END-- [ RunTime:0.001000s ]
INFO: [ app_begin ] --START--
INFO: Run Behavior\ReadHtmlCacheBehavior [ RunTime:0.001000s ]
INFO: [ app_begin ] --END-- [ RunTime:0.002000s ]
SQL: SHOW COLUMNS FROM `jfsd_config` [ RunTime:0.0050s ]
SQL: SELECT COUNT(*) AS tp_count FROM `jfsd_config` WHERE `status` = 1 LIMIT 1   [ RunTime:0.0010s ]
SQL: SELECT `id`,`name`,`type`,`title`,`group`,`extra`,`remark`,`create_time`,`update_time`,`status`,`value`,`sort` FROM `jfsd_config` WHERE `status` = 1 ORDER BY sort,id LIMIT 15,15   [ RunTime:0.0010s ]
INFO: [ view_parse ] --START--
INFO: [ template_filter ] --START--
INFO: Run Behavior\ContentReplaceBehavior [ RunTime:0.000000s ]
INFO: [ template_filter ] --END-- [ RunTime:0.000000s ]
INFO: Run Behavior\ParseTemplateBehavior [ RunTime:0.014001s ]
INFO: [ view_parse ] --END-- [ RunTime:0.014001s ]
INFO: [ view_filter ] --START--
INFO: Run Behavior\WriteHtmlCacheBehavior [ RunTime:0.000000s ]
INFO: [ view_filter ] --END-- [ RunTime:0.000000s ]
INFO: [ app_end ] --START--
INFO: Run Behavior\ShowPageTraceBehavior [ RunTime:0.001000s ]
INFO: [ app_end ] --END-- [ RunTime:0.001000s ]

[ 2015-07-01T09:00:20+08:00 ] 127.0.0.1 /admin.php/Config/index/p/Public/Admin/images/xtb5.png
INFO: [ app_init ] --START--
INFO: Run Behavior\BuildLiteBehavior [ RunTime:0.000000s ]
INFO: [ app_init ] --END-- [ RunTime:0.000000s ]

[ 2015-07-01T09:00:20+08:00 ] 127.0.0.1 /admin.php/Config/index/p/Public/Admin/images/xtb6.png
INFO: [ app_init ] --START--
INFO: Run Behavior\BuildLiteBehavior [ RunTime:0.000000s ]
INFO: [ app_init ] --END-- [ RunTime:0.004001s ]

[ 2015-07-01T09:00:20+08:00 ] 127.0.0.1 /admin.php/Config/index/p/Public/Admin/images/xtb1.png
INFO: [ app_init ] --START--
INFO: Run Behavior\BuildLiteBehavior [ RunTime:0.000000s ]
INFO: [ app_init ] --END-- [ RunTime:0.001000s ]

[ 2015-07-01T09:00:20+08:00 ] 127.0.0.1 /admin.php/Config/index/p/Public/Admin/images/xtb3.png
INFO: [ app_init ] --START--
INFO: Run Behavior\BuildLiteBehavior [ RunTime:0.000000s ]
INFO: [ app_init ] --END-- [ RunTime:0.001000s ]

[ 2015-07-01T09:00:20+08:00 ] 127.0.0.1 /admin.php/Config/index/p/Public/Admin/images/xtb4.png
INFO: [ app_init ] --START--
INFO: Run Behavior\BuildLiteBehavior [ RunTime:0.000000s ]
INFO: [ app_init ] --END-- [ RunTime:0.001000s ]

[ 2015-07-01T09:00:20+08:00 ] 127.0.0.1 /admin.php/Config/index/p/Public/Admin/images/xtb2.png
INFO: [ app_init ] --START--
INFO: Run Behavior\BuildLiteBehavior [ RunTime:0.000000s ]
INFO: [ app_init ] --END-- [ RunTime:0.000000s ]

[ 2015-07-01T09:00:22+08:00 ] 127.0.0.1 /admin.php/Config/index/p/1.html
INFO: [ app_init ] --START--
INFO: Run Behavior\BuildLiteBehavior [ RunTime:0.000000s ]
INFO: [ app_init ] --END-- [ RunTime:0.000000s ]
INFO: [ app_begin ] --START--
INFO: Run Behavior\ReadHtmlCacheBehavior [ RunTime:0.001000s ]
INFO: [ app_begin ] --END-- [ RunTime:0.001000s ]
SQL: SHOW COLUMNS FROM `jfsd_config` [ RunTime:0.0050s ]
SQL: SELECT COUNT(*) AS tp_count FROM `jfsd_config` WHERE `status` = 1 LIMIT 1   [ RunTime:0.0000s ]
SQL: SELECT `id`,`name`,`type`,`title`,`group`,`extra`,`remark`,`create_time`,`update_time`,`status`,`value`,`sort` FROM `jfsd_config` WHERE `status` = 1 ORDER BY sort,id LIMIT 0,15   [ RunTime:0.0010s ]
INFO: [ view_parse ] --START--
INFO: [ template_filter ] --START--
INFO: Run Behavior\ContentReplaceBehavior [ RunTime:0.000000s ]
INFO: [ template_filter ] --END-- [ RunTime:0.000000s ]
INFO: Run Behavior\ParseTemplateBehavior [ RunTime:0.015001s ]
INFO: [ view_parse ] --END-- [ RunTime:0.015001s ]
INFO: [ view_filter ] --START--
INFO: Run Behavior\WriteHtmlCacheBehavior [ RunTime:0.000000s ]
INFO: [ view_filter ] --END-- [ RunTime:0.000000s ]
INFO: [ app_end ] --START--
INFO: Run Behavior\ShowPageTraceBehavior [ RunTime:0.001000s ]
INFO: [ app_end ] --END-- [ RunTime:0.001000s ]

[ 2015-07-01T09:00:22+08:00 ] 127.0.0.1 /admin.php/Config/index/p/Public/Admin/images/xtb5.png
INFO: [ app_init ] --START--
INFO: Run Behavior\BuildLiteBehavior [ RunTime:0.000000s ]
INFO: [ app_init ] --END-- [ RunTime:0.001000s ]

[ 2015-07-01T09:00:22+08:00 ] 127.0.0.1 /admin.php/Config/index/p/Public/Admin/images/xtb2.png
INFO: [ app_init ] --START--
INFO: Run Behavior\BuildLiteBehavior [ RunTime:0.000000s ]
INFO: [ app_init ] --END-- [ RunTime:0.000000s ]

[ 2015-07-01T09:00:22+08:00 ] 127.0.0.1 /admin.php/Config/index/p/Public/Admin/images/xtb1.png
INFO: [ app_init ] --START--
INFO: Run Behavior\BuildLiteBehavior [ RunTime:0.000000s ]
INFO: [ app_init ] --END-- [ RunTime:0.001000s ]

[ 2015-07-01T09:00:22+08:00 ] 127.0.0.1 /admin.php/Config/index/p/Public/Admin/images/xtb4.png
INFO: [ app_init ] --START--
INFO: Run Behavior\BuildLiteBehavior [ RunTime:0.000000s ]
INFO: [ app_init ] --END-- [ RunTime:0.001000s ]

[ 2015-07-01T09:00:22+08:00 ] 127.0.0.1 /admin.php/Config/index/p/Public/Admin/images/xtb3.png
INFO: [ app_init ] --START--
INFO: Run Behavior\BuildLiteBehavior [ RunTime:0.000000s ]
INFO: [ app_init ] --END-- [ RunTime:0.000000s ]

[ 2015-07-01T09:00:22+08:00 ] 127.0.0.1 /admin.php/Config/index/p/Public/Admin/images/xtb6.png
INFO: [ app_init ] --START--
INFO: Run Behavior\BuildLiteBehavior [ RunTime:0.000000s ]
INFO: [ app_init ] --END-- [ RunTime:0.000000s ]

[ 2015-07-01T09:00:46+08:00 ] 127.0.0.1 /admin.php/Config/index.html
INFO: [ app_init ] --START--
INFO: Run Behavior\BuildLiteBehavior [ RunTime:0.000000s ]
INFO: [ app_init ] --END-- [ RunTime:0.000000s ]
INFO: [ app_begin ] --START--
INFO: Run Behavior\ReadHtmlCacheBehavior [ RunTime:0.002000s ]
INFO: [ app_begin ] --END-- [ RunTime:0.002000s ]
SQL: SHOW COLUMNS FROM `jfsd_config` [ RunTime:0.0050s ]
SQL: SELECT COUNT(*) AS tp_count FROM `jfsd_config` WHERE `status` = 1 LIMIT 1   [ RunTime:0.0010s ]
SQL: SELECT `id`,`name`,`type`,`title`,`group`,`extra`,`remark`,`create_time`,`update_time`,`status`,`value`,`sort` FROM `jfsd_config` WHERE `status` = 1 ORDER BY sort,id LIMIT 0,15   [ RunTime:0.0010s ]
INFO: [ view_parse ] --START--
INFO: [ template_filter ] --START--
INFO: Run Behavior\ContentReplaceBehavior [ RunTime:0.000000s ]
INFO: [ template_filter ] --END-- [ RunTime:0.000000s ]
INFO: Run Behavior\ParseTemplateBehavior [ RunTime:0.014001s ]
INFO: [ view_parse ] --END-- [ RunTime:0.014001s ]
INFO: [ view_filter ] --START--
INFO: Run Behavior\WriteHtmlCacheBehavior [ RunTime:0.000000s ]
INFO: [ view_filter ] --END-- [ RunTime:0.000000s ]
INFO: [ app_end ] --START--
INFO: Run Behavior\ShowPageTraceBehavior [ RunTime:0.001000s ]
INFO: [ app_end ] --END-- [ RunTime:0.001000s ]

[ 2015-07-01T09:00:46+08:00 ] 127.0.0.1 /admin.php/Config/Public/Admin/images/xtb6.png
INFO: [ app_init ] --START--
INFO: Run Behavior\BuildLiteBehavior [ RunTime:0.000000s ]
INFO: [ app_init ] --END-- [ RunTime:0.000000s ]

[ 2015-07-01T09:00:46+08:00 ] 127.0.0.1 /admin.php/Config/Public/Admin/images/xtb3.png
INFO: [ app_init ] --START--
INFO: Run Behavior\BuildLiteBehavior [ RunTime:0.000000s ]
INFO: [ app_init ] --END-- [ RunTime:0.001000s ]

[ 2015-07-01T09:00:46+08:00 ] 127.0.0.1 /admin.php/Config/Public/Admin/images/xtb1.png
INFO: [ app_init ] --START--
INFO: Run Behavior\BuildLiteBehavior [ RunTime:0.000000s ]
INFO: [ app_init ] --END-- [ RunTime:0.001000s ]

[ 2015-07-01T09:00:46+08:00 ] 127.0.0.1 /admin.php/Config/Public/Admin/images/xtb2.png
INFO: [ app_init ] --START--
INFO: Run Behavior\BuildLiteBehavior [ RunTime:0.000000s ]
INFO: [ app_init ] --END-- [ RunTime:0.002000s ]

[ 2015-07-01T09:00:46+08:00 ] 127.0.0.1 /admin.php/Config/Public/Admin/images/xtb4.png
INFO: [ app_init ] --START--
INFO: Run Behavior\BuildLiteBehavior [ RunTime:0.000000s ]
INFO: [ app_init ] --END-- [ RunTime:0.000000s ]

[ 2015-07-01T09:00:46+08:00 ] 127.0.0.1 /admin.php/Config/Public/Admin/images/xtb5.png
INFO: [ app_init ] --START--
INFO: Run Behavior\BuildLiteBehavior [ RunTime:0.000000s ]
INFO: [ app_init ] --END-- [ RunTime:0.002000s ]

[ 2015-07-01T09:11:52+08:00 ] 127.0.0.1 /admin.php/Config/index/p/2.html
INFO: [ app_init ] --START--
INFO: Run Behavior\BuildLiteBehavior [ RunTime:0.000000s ]
INFO: [ app_init ] --END-- [ RunTime:0.001000s ]
INFO: [ app_begin ] --START--
INFO: Run Behavior\ReadHtmlCacheBehavior [ RunTime:0.001000s ]
INFO: [ app_begin ] --END-- [ RunTime:0.001000s ]
SQL: SHOW COLUMNS FROM `jfsd_config` [ RunTime:0.0060s ]
SQL: SELECT COUNT(*) AS tp_count FROM `jfsd_config` WHERE `status` = 1 LIMIT 1   [ RunTime:0.0010s ]
SQL: SELECT `id`,`name`,`type`,`title`,`group`,`extra`,`remark`,`create_time`,`update_time`,`status`,`value`,`sort` FROM `jfsd_config` WHERE `status` = 1 ORDER BY sort,id LIMIT 15,15   [ RunTime:0.0010s ]
INFO: [ view_parse ] --START--
INFO: [ template_filter ] --START--
INFO: Run Behavior\ContentReplaceBehavior [ RunTime:0.001000s ]
INFO: [ template_filter ] --END-- [ RunTime:0.001000s ]
INFO: Run Behavior\ParseTemplateBehavior [ RunTime:0.014001s ]
INFO: [ view_parse ] --END-- [ RunTime:0.014001s ]
INFO: [ view_filter ] --START--
INFO: Run Behavior\WriteHtmlCacheBehavior [ RunTime:0.001000s ]
INFO: [ view_filter ] --END-- [ RunTime:0.001000s ]
INFO: [ app_end ] --START--
INFO: Run Behavior\ShowPageTraceBehavior [ RunTime:0.001000s ]
INFO: [ app_end ] --END-- [ RunTime:0.001000s ]

[ 2015-07-01T09:11:52+08:00 ] 127.0.0.1 /admin.php/Config/index/p/Public/Admin/images/xtb6.png
INFO: [ app_init ] --START--
INFO: Run Behavior\BuildLiteBehavior [ RunTime:0.000000s ]
INFO: [ app_init ] --END-- [ RunTime:0.001000s ]

[ 2015-07-01T09:11:52+08:00 ] 127.0.0.1 /admin.php/Config/index/p/Public/Admin/images/xtb5.png
INFO: [ app_init ] --START--
INFO: Run Behavior\BuildLiteBehavior [ RunTime:0.000000s ]
INFO: [ app_init ] --END-- [ RunTime:0.000000s ]

[ 2015-07-01T09:11:52+08:00 ] 127.0.0.1 /admin.php/Config/index/p/Public/Admin/images/xtb2.png
INFO: [ app_init ] --START--
INFO: Run Behavior\BuildLiteBehavior [ RunTime:0.000000s ]
INFO: [ app_init ] --END-- [ RunTime:0.001000s ]

[ 2015-07-01T09:11:52+08:00 ] 127.0.0.1 /admin.php/Config/index/p/Public/Admin/images/xtb4.png
INFO: [ app_init ] --START--
INFO: Run Behavior\BuildLiteBehavior [ RunTime:0.000000s ]
INFO: [ app_init ] --END-- [ RunTime:0.000000s ]

[ 2015-07-01T09:11:52+08:00 ] 127.0.0.1 /admin.php/Config/index/p/Public/Admin/images/xtb3.png
INFO: [ app_init ] --START--
INFO: Run Behavior\BuildLiteBehavior [ RunTime:0.000000s ]
INFO: [ app_init ] --END-- [ RunTime:0.001000s ]

[ 2015-07-01T09:11:52+08:00 ] 127.0.0.1 /admin.php/Config/index/p/Public/Admin/images/xtb1.png
INFO: [ app_init ] --START--
INFO: Run Behavior\BuildLiteBehavior [ RunTime:0.000000s ]
INFO: [ app_init ] --END-- [ RunTime:0.000000s ]

[ 2015-07-01T09:11:54+08:00 ] 127.0.0.1 /admin.php/Config/index.html
INFO: [ app_init ] --START--
INFO: Run Behavior\BuildLiteBehavior [ RunTime:0.000000s ]
INFO: [ app_init ] --END-- [ RunTime:0.000000s ]
INFO: [ app_begin ] --START--
INFO: Run Behavior\ReadHtmlCacheBehavior [ RunTime:0.000000s ]
INFO: [ app_begin ] --END-- [ RunTime:0.001000s ]
SQL: SHOW COLUMNS FROM `jfsd_config` [ RunTime:0.0050s ]
SQL: SELECT COUNT(*) AS tp_count FROM `jfsd_config` WHERE `status` = 1 LIMIT 1   [ RunTime:0.0000s ]
SQL: SELECT `id`,`name`,`type`,`title`,`group`,`extra`,`remark`,`create_time`,`update_time`,`status`,`value`,`sort` FROM `jfsd_config` WHERE `status` = 1 ORDER BY sort,id LIMIT 0,15   [ RunTime:0.0000s ]
INFO: [ view_parse ] --START--
INFO: [ template_filter ] --START--
INFO: Run Behavior\ContentReplaceBehavior [ RunTime:0.000000s ]
INFO: [ template_filter ] --END-- [ RunTime:0.000000s ]
INFO: Run Behavior\ParseTemplateBehavior [ RunTime:0.015001s ]
INFO: [ view_parse ] --END-- [ RunTime:0.015001s ]
INFO: [ view_filter ] --START--
INFO: Run Behavior\WriteHtmlCacheBehavior [ RunTime:0.000000s ]
INFO: [ view_filter ] --END-- [ RunTime:0.001000s ]
INFO: [ app_end ] --START--
INFO: Run Behavior\ShowPageTraceBehavior [ RunTime:0.001000s ]
INFO: [ app_end ] --END-- [ RunTime:0.001000s ]

[ 2015-07-01T09:11:54+08:00 ] 127.0.0.1 /admin.php/Config/Public/Admin/images/xtb6.png
INFO: [ app_init ] --START--
INFO: Run Behavior\BuildLiteBehavior [ RunTime:0.000000s ]
INFO: [ app_init ] --END-- [ RunTime:0.001000s ]

[ 2015-07-01T09:11:54+08:00 ] 127.0.0.1 /admin.php/Config/Public/Admin/images/xtb5.png
INFO: [ app_init ] --START--
INFO: Run Behavior\BuildLiteBehavior [ RunTime:0.000000s ]
INFO: [ app_init ] --END-- [ RunTime:0.001000s ]

[ 2015-07-01T09:11:54+08:00 ] 127.0.0.1 /admin.php/Config/Public/Admin/images/xtb3.png
INFO: [ app_init ] --START--
INFO: Run Behavior\BuildLiteBehavior [ RunTime:0.000000s ]
INFO: [ app_init ] --END-- [ RunTime:0.001000s ]

[ 2015-07-01T09:11:54+08:00 ] 127.0.0.1 /admin.php/Config/Public/Admin/images/xtb4.png
INFO: [ app_init ] --START--
INFO: Run Behavior\BuildLiteBehavior [ RunTime:0.000000s ]
INFO: [ app_init ] --END-- [ RunTime:0.001000s ]

[ 2015-07-01T09:11:54+08:00 ] 127.0.0.1 /admin.php/Config/Public/Admin/images/xtb1.png
INFO: [ app_init ] --START--
INFO: Run Behavior\BuildLiteBehavior [ RunTime:0.000000s ]
INFO: [ app_init ] --END-- [ RunTime:0.001000s ]

[ 2015-07-01T09:11:54+08:00 ] 127.0.0.1 /admin.php/Config/Public/Admin/images/xtb2.png
INFO: [ app_init ] --START--
INFO: Run Behavior\BuildLiteBehavior [ RunTime:0.000000s ]
INFO: [ app_init ] --END-- [ RunTime:0.001000s ]

[ 2015-07-01T09:12:16+08:00 ] 127.0.0.1 /admin.php/Config/index.html
INFO: [ app_init ] --START--
INFO: Run Behavior\BuildLiteBehavior [ RunTime:0.000000s ]
INFO: [ app_init ] --END-- [ RunTime:0.001000s ]
INFO: [ app_begin ] --START--
INFO: Run Behavior\ReadHtmlCacheBehavior [ RunTime:0.001000s ]
INFO: [ app_begin ] --END-- [ RunTime:0.001000s ]
SQL: SHOW COLUMNS FROM `jfsd_config` [ RunTime:0.0060s ]
SQL: SELECT COUNT(*) AS tp_count FROM `jfsd_config` WHERE `status` = 1 LIMIT 1   [ RunTime:0.0010s ]
SQL: SELECT `id`,`name`,`type`,`title`,`group`,`extra`,`remark`,`create_time`,`update_time`,`status`,`value`,`sort` FROM `jfsd_config` WHERE `status` = 1 ORDER BY sort,id LIMIT 0,15   [ RunTime:0.0010s ]
INFO: [ view_parse ] --START--
INFO: [ template_filter ] --START--
INFO: Run Behavior\ContentReplaceBehavior [ RunTime:0.000000s ]
INFO: [ template_filter ] --END-- [ RunTime:0.000000s ]
INFO: Run Behavior\ParseTemplateBehavior [ RunTime:0.015001s ]
INFO: [ view_parse ] --END-- [ RunTime:0.015001s ]
INFO: [ view_filter ] --START--
INFO: Run Behavior\WriteHtmlCacheBehavior [ RunTime:0.001000s ]
INFO: [ view_filter ] --END-- [ RunTime:0.001000s ]
INFO: [ app_end ] --START--
INFO: Run Behavior\ShowPageTraceBehavior [ RunTime:0.001000s ]
INFO: [ app_end ] --END-- [ RunTime:0.001000s ]

[ 2015-07-01T09:12:16+08:00 ] 127.0.0.1 /admin.php/Config/Public/Admin/images/xtb6.png
INFO: [ app_init ] --START--
INFO: Run Behavior\BuildLiteBehavior [ RunTime:0.000000s ]
INFO: [ app_init ] --END-- [ RunTime:0.001000s ]

[ 2015-07-01T09:12:16+08:00 ] 127.0.0.1 /admin.php/Config/Public/Admin/images/xtb2.png
INFO: [ app_init ] --START--
INFO: Run Behavior\BuildLiteBehavior [ RunTime:0.000000s ]
INFO: [ app_init ] --END-- [ RunTime:0.000000s ]

[ 2015-07-01T09:12:16+08:00 ] 127.0.0.1 /admin.php/Config/Public/Admin/images/xtb3.png
INFO: [ app_init ] --START--
INFO: Run Behavior\BuildLiteBehavior [ RunTime:0.000000s ]
INFO: [ app_init ] --END-- [ RunTime:0.001000s ]

[ 2015-07-01T09:12:16+08:00 ] 127.0.0.1 /admin.php/Config/Public/Admin/images/xtb1.png
INFO: [ app_init ] --START--
INFO: Run Behavior\BuildLiteBehavior [ RunTime:0.000000s ]
INFO: [ app_init ] --END-- [ RunTime:0.001000s ]

[ 2015-07-01T09:12:16+08:00 ] 127.0.0.1 /admin.php/Config/Public/Admin/images/xtb4.png
INFO: [ app_init ] --START--
INFO: Run Behavior\BuildLiteBehavior [ RunTime:0.000000s ]
INFO: [ app_init ] --END-- [ RunTime:0.001000s ]

[ 2015-07-01T09:12:16+08:00 ] 127.0.0.1 /admin.php/Config/Public/Admin/images/xtb5.png
INFO: [ app_init ] --START--
INFO: Run Behavior\BuildLiteBehavior [ RunTime:0.000000s ]
INFO: [ app_init ] --END-- [ RunTime:0.001000s ]

[ 2015-07-01T09:12:18+08:00 ] 127.0.0.1 /admin.php/Config/index.html
INFO: [ app_init ] --START--
INFO: Run Behavior\BuildLiteBehavior [ RunTime:0.000000s ]
INFO: [ app_init ] --END-- [ RunTime:0.001000s ]
INFO: [ app_begin ] --START--
INFO: Run Behavior\ReadHtmlCacheBehavior [ RunTime:0.001001s ]
INFO: [ app_begin ] --END-- [ RunTime:0.001001s ]
SQL: SHOW COLUMNS FROM `jfsd_config` [ RunTime:0.0050s ]
SQL: SELECT COUNT(*) AS tp_count FROM `jfsd_config` WHERE `status` = 1 LIMIT 1   [ RunTime:0.0000s ]
SQL: SELECT `id`,`name`,`type`,`title`,`group`,`extra`,`remark`,`create_time`,`update_time`,`status`,`value`,`sort` FROM `jfsd_config` WHERE `status` = 1 ORDER BY sort,id LIMIT 0,15   [ RunTime:0.0010s ]
INFO: [ view_parse ] --START--
INFO: [ template_filter ] --START--
INFO: Run Behavior\ContentReplaceBehavior [ RunTime:0.000000s ]
INFO: [ template_filter ] --END-- [ RunTime:0.001001s ]
INFO: Run Behavior\ParseTemplateBehavior [ RunTime:0.013001s ]
INFO: [ view_parse ] --END-- [ RunTime:0.013001s ]
INFO: [ view_filter ] --START--
INFO: Run Behavior\WriteHtmlCacheBehavior [ RunTime:0.001000s ]
INFO: [ view_filter ] --END-- [ RunTime:0.001000s ]
INFO: [ app_end ] --START--
INFO: Run Behavior\ShowPageTraceBehavior [ RunTime:0.001000s ]
INFO: [ app_end ] --END-- [ RunTime:0.001000s ]

[ 2015-07-01T09:12:18+08:00 ] 127.0.0.1 /admin.php/Config/Public/Admin/images/xtb6.png
INFO: [ app_init ] --START--
INFO: Run Behavior\BuildLiteBehavior [ RunTime:0.000000s ]
INFO: [ app_init ] --END-- [ RunTime:0.003000s ]

[ 2015-07-01T09:12:18+08:00 ] 127.0.0.1 /admin.php/Config/Public/Admin/images/xtb5.png
INFO: [ app_init ] --START--
INFO: Run Behavior\BuildLiteBehavior [ RunTime:0.000000s ]
INFO: [ app_init ] --END-- [ RunTime:0.000000s ]

[ 2015-07-01T09:12:18+08:00 ] 127.0.0.1 /admin.php/Config/Public/Admin/images/xtb3.png
INFO: [ app_init ] --START--
INFO: Run Behavior\BuildLiteBehavior [ RunTime:0.000000s ]
INFO: [ app_init ] --END-- [ RunTime:0.001000s ]

[ 2015-07-01T09:12:18+08:00 ] 127.0.0.1 /admin.php/Config/Public/Admin/images/xtb1.png
INFO: [ app_init ] --START--
INFO: Run Behavior\BuildLiteBehavior [ RunTime:0.000000s ]
INFO: [ app_init ] --END-- [ RunTime:0.001000s ]

[ 2015-07-01T09:12:18+08:00 ] 127.0.0.1 /admin.php/Config/Public/Admin/images/xtb4.png
INFO: [ app_init ] --START--
INFO: Run Behavior\BuildLiteBehavior [ RunTime:0.000000s ]
INFO: [ app_init ] --END-- [ RunTime:0.001000s ]

[ 2015-07-01T09:12:18+08:00 ] 127.0.0.1 /admin.php/Config/Public/Admin/images/xtb2.png
INFO: [ app_init ] --START--
INFO: Run Behavior\BuildLiteBehavior [ RunTime:0.000000s ]
INFO: [ app_init ] --END-- [ RunTime:0.000000s ]

[ 2015-07-01T09:12:28+08:00 ] 127.0.0.1 /admin.php/Config/index.html
INFO: [ app_init ] --START--
INFO: Run Behavior\BuildLiteBehavior [ RunTime:0.000000s ]
INFO: [ app_init ] --END-- [ RunTime:0.001000s ]
INFO: [ app_begin ] --START--
INFO: Run Behavior\ReadHtmlCacheBehavior [ RunTime:0.001000s ]
INFO: [ app_begin ] --END-- [ RunTime:0.001000s ]
SQL: SHOW COLUMNS FROM `jfsd_config` [ RunTime:0.0060s ]
SQL: SELECT COUNT(*) AS tp_count FROM `jfsd_config` WHERE `status` = 1 LIMIT 1   [ RunTime:0.0010s ]
SQL: SELECT `id`,`name`,`type`,`title`,`group`,`extra`,`remark`,`create_time`,`update_time`,`status`,`value`,`sort` FROM `jfsd_config` WHERE `status` = 1 ORDER BY sort,id LIMIT 0,15   [ RunTime:0.0010s ]
INFO: [ view_parse ] --START--
INFO: [ template_filter ] --START--
INFO: Run Behavior\ContentReplaceBehavior [ RunTime:0.000000s ]
INFO: [ template_filter ] --END-- [ RunTime:0.000000s ]
INFO: Run Behavior\ParseTemplateBehavior [ RunTime:0.018001s ]
INFO: [ view_parse ] --END-- [ RunTime:0.018001s ]
INFO: [ view_filter ] --START--
INFO: Run Behavior\WriteHtmlCacheBehavior [ RunTime:0.001000s ]
INFO: [ view_filter ] --END-- [ RunTime:0.001000s ]
INFO: [ app_end ] --START--
INFO: Run Behavior\ShowPageTraceBehavior [ RunTime:0.001000s ]
INFO: [ app_end ] --END-- [ RunTime:0.001000s ]

[ 2015-07-01T09:12:28+08:00 ] 127.0.0.1 /admin.php/Config/Public/Admin/images/xtb6.png
INFO: [ app_init ] --START--
INFO: Run Behavior\BuildLiteBehavior [ RunTime:0.000000s ]
INFO: [ app_init ] --END-- [ RunTime:0.001000s ]

[ 2015-07-01T09:12:28+08:00 ] 127.0.0.1 /admin.php/Config/Public/Admin/images/xtb3.png
INFO: [ app_init ] --START--
INFO: Run Behavior\BuildLiteBehavior [ RunTime:0.000000s ]
INFO: [ app_init ] --END-- [ RunTime:0.001000s ]

[ 2015-07-01T09:12:28+08:00 ] 127.0.0.1 /admin.php/Config/Public/Admin/images/xtb5.png
INFO: [ app_init ] --START--
INFO: Run Behavior\BuildLiteBehavior [ RunTime:0.000000s ]
INFO: [ app_init ] --END-- [ RunTime:0.001000s ]

[ 2015-07-01T09:12:28+08:00 ] 127.0.0.1 /admin.php/Config/Public/Admin/images/xtb4.png
INFO: [ app_init ] --START--
INFO: Run Behavior\BuildLiteBehavior [ RunTime:0.000000s ]
INFO: [ app_init ] --END-- [ RunTime:0.001000s ]

[ 2015-07-01T09:12:28+08:00 ] 127.0.0.1 /admin.php/Config/Public/Admin/images/xtb2.png
INFO: [ app_init ] --START--
INFO: Run Behavior\BuildLiteBehavior [ RunTime:0.000000s ]
INFO: [ app_init ] --END-- [ RunTime:0.000000s ]

[ 2015-07-01T09:12:28+08:00 ] 127.0.0.1 /admin.php/Config/Public/Admin/images/xtb1.png
INFO: [ app_init ] --START--
INFO: Run Behavior\BuildLiteBehavior [ RunTime:0.000000s ]
INFO: [ app_init ] --END-- [ RunTime:0.001000s ]

[ 2015-07-01T09:12:29+08:00 ] 127.0.0.1 /admin.php/Config/02.html
INFO: [ app_init ] --START--
INFO: Run Behavior\BuildLiteBehavior [ RunTime:0.000000s ]
INFO: [ app_init ] --END-- [ RunTime:0.000000s ]
INFO: [ app_begin ] --START--
INFO: Run Behavior\ReadHtmlCacheBehavior [ RunTime:0.001000s ]
INFO: [ app_begin ] --END-- [ RunTime:0.001000s ]
ERR: 非法操作:02

[ 2015-07-01T09:12:31+08:00 ] 127.0.0.1 /admin.php/Config/index.html
INFO: [ app_init ] --START--
INFO: Run Behavior\BuildLiteBehavior [ RunTime:0.000000s ]
INFO: [ app_init ] --END-- [ RunTime:0.001000s ]
INFO: [ app_begin ] --START--
INFO: Run Behavior\ReadHtmlCacheBehavior [ RunTime:0.001000s ]
INFO: [ app_begin ] --END-- [ RunTime:0.001000s ]
SQL: SHOW COLUMNS FROM `jfsd_config` [ RunTime:0.0050s ]
SQL: SELECT COUNT(*) AS tp_count FROM `jfsd_config` WHERE `status` = 1 LIMIT 1   [ RunTime:0.0000s ]
SQL: SELECT `id`,`name`,`type`,`title`,`group`,`extra`,`remark`,`create_time`,`update_time`,`status`,`value`,`sort` FROM `jfsd_config` WHERE `status` = 1 ORDER BY sort,id LIMIT 0,15   [ RunTime:0.0000s ]
INFO: [ view_parse ] --START--
INFO: [ template_filter ] --START--
INFO: Run Behavior\ContentReplaceBehavior [ RunTime:0.000000s ]
INFO: [ template_filter ] --END-- [ RunTime:0.000000s ]
INFO: Run Behavior\ParseTemplateBehavior [ RunTime:0.013001s ]
INFO: [ view_parse ] --END-- [ RunTime:0.013001s ]
INFO: [ view_filter ] --START--
INFO: Run Behavior\WriteHtmlCacheBehavior [ RunTime:0.001000s ]
INFO: [ view_filter ] --END-- [ RunTime:0.001000s ]
INFO: [ app_end ] --START--
INFO: Run Behavior\ShowPageTraceBehavior [ RunTime:0.001000s ]
INFO: [ app_end ] --END-- [ RunTime:0.001000s ]

[ 2015-07-01T09:12:31+08:00 ] 127.0.0.1 /admin.php/Config/Public/Admin/images/xtb6.png
INFO: [ app_init ] --START--
INFO: Run Behavior\BuildLiteBehavior [ RunTime:0.000000s ]
INFO: [ app_init ] --END-- [ RunTime:0.002000s ]

[ 2015-07-01T09:12:31+08:00 ] 127.0.0.1 /admin.php/Config/Public/Admin/images/xtb2.png
INFO: [ app_init ] --START--
INFO: Run Behavior\BuildLiteBehavior [ RunTime:0.001000s ]
INFO: [ app_init ] --END-- [ RunTime:0.001000s ]

[ 2015-07-01T09:12:31+08:00 ] 127.0.0.1 /admin.php/Config/Public/Admin/images/xtb1.png
INFO: [ app_init ] --START--
INFO: Run Behavior\BuildLiteBehavior [ RunTime:0.000000s ]
INFO: [ app_init ] --END-- [ RunTime:0.000000s ]

[ 2015-07-01T09:12:31+08:00 ] 127.0.0.1 /admin.php/Config/Public/Admin/images/xtb4.png
INFO: [ app_init ] --START--
INFO: Run Behavior\BuildLiteBehavior [ RunTime:0.000000s ]
INFO: [ app_init ] --END-- [ RunTime:0.000000s ]

[ 2015-07-01T09:12:31+08:00 ] 127.0.0.1 /admin.php/Config/Public/Admin/images/xtb3.png
INFO: [ app_init ] --START--
INFO: Run Behavior\BuildLiteBehavior [ RunTime:0.000000s ]
INFO: [ app_init ] --END-- [ RunTime:0.001001s ]

[ 2015-07-01T09:12:31+08:00 ] 127.0.0.1 /admin.php/Config/Public/Admin/images/xtb5.png
INFO: [ app_init ] --START--
INFO: Run Behavior\BuildLiteBehavior [ RunTime:0.000000s ]
INFO: [ app_init ] --END-- [ RunTime:0.001000s ]

[ 2015-07-01T09:12:33+08:00 ] 127.0.0.1 /admin.php/Config/index.html
INFO: [ app_init ] --START--
INFO: Run Behavior\BuildLiteBehavior [ RunTime:0.000000s ]
INFO: [ app_init ] --END-- [ RunTime:0.001000s ]
INFO: [ app_begin ] --START--
INFO: Run Behavior\ReadHtmlCacheBehavior [ RunTime:0.001000s ]
INFO: [ app_begin ] --END-- [ RunTime:0.001000s ]
SQL: SHOW COLUMNS FROM `jfsd_config` [ RunTime:0.0060s ]
SQL: SELECT COUNT(*) AS tp_count FROM `jfsd_config` WHERE `status` = 1 LIMIT 1   [ RunTime:0.0000s ]
SQL: SELECT `id`,`name`,`type`,`title`,`group`,`extra`,`remark`,`create_time`,`update_time`,`status`,`value`,`sort` FROM `jfsd_config` WHERE `status` = 1 ORDER BY sort,id LIMIT 0,15   [ RunTime:0.0010s ]
INFO: [ view_parse ] --START--
INFO: [ template_filter ] --START--
INFO: Run Behavior\ContentReplaceBehavior [ RunTime:0.000000s ]
INFO: [ template_filter ] --END-- [ RunTime:0.000000s ]
INFO: Run Behavior\ParseTemplateBehavior [ RunTime:0.018001s ]
INFO: [ view_parse ] --END-- [ RunTime:0.018001s ]
INFO: [ view_filter ] --START--
INFO: Run Behavior\WriteHtmlCacheBehavior [ RunTime:0.001000s ]
INFO: [ view_filter ] --END-- [ RunTime:0.001000s ]
INFO: [ app_end ] --START--
INFO: Run Behavior\ShowPageTraceBehavior [ RunTime:0.001000s ]
INFO: [ app_end ] --END-- [ RunTime:0.001000s ]

[ 2015-07-01T09:12:33+08:00 ] 127.0.0.1 /admin.php/Config/Public/Admin/images/xtb6.png
INFO: [ app_init ] --START--
INFO: Run Behavior\BuildLiteBehavior [ RunTime:0.000000s ]
INFO: [ app_init ] --END-- [ RunTime:0.001000s ]

[ 2015-07-01T09:12:33+08:00 ] 127.0.0.1 /admin.php/Config/Public/Admin/images/xtb5.png
INFO: [ app_init ] --START--
INFO: Run Behavior\BuildLiteBehavior [ RunTime:0.000000s ]
INFO: [ app_init ] --END-- [ RunTime:0.002000s ]

[ 2015-07-01T09:12:33+08:00 ] 127.0.0.1 /admin.php/Config/Public/Admin/images/xtb3.png
INFO: [ app_init ] --START--
INFO: Run Behavior\BuildLiteBehavior [ RunTime:0.000000s ]
INFO: [ app_init ] --END-- [ RunTime:0.001000s ]

[ 2015-07-01T09:12:33+08:00 ] 127.0.0.1 /admin.php/Config/Public/Admin/images/xtb2.png
INFO: [ app_init ] --START--
INFO: Run Behavior\BuildLiteBehavior [ RunTime:0.000000s ]
INFO: [ app_init ] --END-- [ RunTime:0.000000s ]

[ 2015-07-01T09:12:33+08:00 ] 127.0.0.1 /admin.php/Config/Public/Admin/images/xtb1.png
INFO: [ app_init ] --START--
INFO: Run Behavior\BuildLiteBehavior [ RunTime:0.000000s ]
INFO: [ app_init ] --END-- [ RunTime:0.000000s ]

[ 2015-07-01T09:12:33+08:00 ] 127.0.0.1 /admin.php/Config/Public/Admin/images/xtb4.png
INFO: [ app_init ] --START--
INFO: Run Behavior\BuildLiteBehavior [ RunTime:0.000000s ]
INFO: [ app_init ] --END-- [ RunTime:0.001000s ]

[ 2015-07-01T09:12:34+08:00 ] 127.0.0.1 /admin.php/Config/index.html
INFO: [ app_init ] --START--
INFO: Run Behavior\BuildLiteBehavior [ RunTime:0.000000s ]
INFO: [ app_init ] --END-- [ RunTime:0.001000s ]
INFO: [ app_begin ] --START--
INFO: Run Behavior\ReadHtmlCacheBehavior [ RunTime:0.001000s ]
INFO: [ app_begin ] --END-- [ RunTime:0.001000s ]
SQL: SHOW COLUMNS FROM `jfsd_config` [ RunTime:0.0050s ]
SQL: SELECT COUNT(*) AS tp_count FROM `jfsd_config` WHERE `status` = 1 LIMIT 1   [ RunTime:0.0000s ]
SQL: SELECT `id`,`name`,`type`,`title`,`group`,`extra`,`remark`,`create_time`,`update_time`,`status`,`value`,`sort` FROM `jfsd_config` WHERE `status` = 1 ORDER BY sort,id LIMIT 0,15   [ RunTime:0.0010s ]
INFO: [ view_parse ] --START--
INFO: [ template_filter ] --START--
INFO: Run Behavior\ContentReplaceBehavior [ RunTime:0.000000s ]
INFO: [ template_filter ] --END-- [ RunTime:0.000000s ]
INFO: Run Behavior\ParseTemplateBehavior [ RunTime:0.015001s ]
INFO: [ view_parse ] --END-- [ RunTime:0.016001s ]
INFO: [ view_filter ] --START--
INFO: Run Behavior\WriteHtmlCacheBehavior [ RunTime:0.000000s ]
INFO: [ view_filter ] --END-- [ RunTime:0.000000s ]
INFO: [ app_end ] --START--
INFO: Run Behavior\ShowPageTraceBehavior [ RunTime:0.001000s ]
INFO: [ app_end ] --END-- [ RunTime:0.001000s ]

[ 2015-07-01T09:12:34+08:00 ] 127.0.0.1 /admin.php/Config/Public/Admin/images/xtb6.png
INFO: [ app_init ] --START--
INFO: Run Behavior\BuildLiteBehavior [ RunTime:0.000000s ]
INFO: [ app_init ] --END-- [ RunTime:0.000000s ]

[ 2015-07-01T09:12:34+08:00 ] 127.0.0.1 /admin.php/Config/Public/Admin/images/xtb5.png
INFO: [ app_init ] --START--
INFO: Run Behavior\BuildLiteBehavior [ RunTime:0.000000s ]
INFO: [ app_init ] --END-- [ RunTime:0.000000s ]

[ 2015-07-01T09:12:34+08:00 ] 127.0.0.1 /admin.php/Config/Public/Admin/images/xtb1.png
INFO: [ app_init ] --START--
INFO: Run Behavior\BuildLiteBehavior [ RunTime:0.000000s ]
INFO: [ app_init ] --END-- [ RunTime:0.000000s ]

[ 2015-07-01T09:12:34+08:00 ] 127.0.0.1 /admin.php/Config/Public/Admin/images/xtb2.png
INFO: [ app_init ] --START--
INFO: Run Behavior\BuildLiteBehavior [ RunTime:0.000000s ]
INFO: [ app_init ] --END-- [ RunTime:0.001000s ]

[ 2015-07-01T09:12:34+08:00 ] 127.0.0.1 /admin.php/Config/Public/Admin/images/xtb3.png
INFO: [ app_init ] --START--
INFO: Run Behavior\BuildLiteBehavior [ RunTime:0.000000s ]
INFO: [ app_init ] --END-- [ RunTime:0.001000s ]

[ 2015-07-01T09:12:34+08:00 ] 127.0.0.1 /admin.php/Config/Public/Admin/images/xtb4.png
INFO: [ app_init ] --START--
INFO: Run Behavior\BuildLiteBehavior [ RunTime:0.000000s ]
INFO: [ app_init ] --END-- [ RunTime:0.001000s ]

[ 2015-07-01T09:12:35+08:00 ] 127.0.0.1 /admin.php/Config/index.html
INFO: [ app_init ] --START--
INFO: Run Behavior\BuildLiteBehavior [ RunTime:0.000000s ]
INFO: [ app_init ] --END-- [ RunTime:0.000000s ]
INFO: [ app_begin ] --START--
INFO: Run Behavior\ReadHtmlCacheBehavior [ RunTime:0.000000s ]
INFO: [ app_begin ] --END-- [ RunTime:0.000000s ]
SQL: SHOW COLUMNS FROM `jfsd_config` [ RunTime:0.0050s ]
SQL: SELECT COUNT(*) AS tp_count FROM `jfsd_config` WHERE `status` = 1 LIMIT 1   [ RunTime:0.0000s ]
SQL: SELECT `id`,`name`,`type`,`title`,`group`,`extra`,`remark`,`create_time`,`update_time`,`status`,`value`,`sort` FROM `jfsd_config` WHERE `status` = 1 ORDER BY sort,id LIMIT 0,15   [ RunTime:0.0010s ]
INFO: [ view_parse ] --START--
INFO: [ template_filter ] --START--
INFO: Run Behavior\ContentReplaceBehavior [ RunTime:0.000000s ]
INFO: [ template_filter ] --END-- [ RunTime:0.000000s ]
INFO: Run Behavior\ParseTemplateBehavior [ RunTime:0.013000s ]
INFO: [ view_parse ] --END-- [ RunTime:0.013000s ]
INFO: [ view_filter ] --START--
INFO: Run Behavior\WriteHtmlCacheBehavior [ RunTime:0.000000s ]
INFO: [ view_filter ] --END-- [ RunTime:0.000000s ]
INFO: [ app_end ] --START--
INFO: Run Behavior\ShowPageTraceBehavior [ RunTime:0.000000s ]
INFO: [ app_end ] --END-- [ RunTime:0.001001s ]

[ 2015-07-01T09:12:35+08:00 ] 127.0.0.1 /admin.php/Config/Public/Admin/images/xtb6.png
INFO: [ app_init ] --START--
INFO: Run Behavior\BuildLiteBehavior [ RunTime:0.000000s ]
INFO: [ app_init ] --END-- [ RunTime:0.001000s ]

[ 2015-07-01T09:12:35+08:00 ] 127.0.0.1 /admin.php/Config/Public/Admin/images/xtb5.png
INFO: [ app_init ] --START--
INFO: Run Behavior\BuildLiteBehavior [ RunTime:0.000000s ]
INFO: [ app_init ] --END-- [ RunTime:0.002000s ]

[ 2015-07-01T09:12:35+08:00 ] 127.0.0.1 /admin.php/Config/Public/Admin/images/xtb4.png
INFO: [ app_init ] --START--
INFO: Run Behavior\BuildLiteBehavior [ RunTime:0.000000s ]
INFO: [ app_init ] --END-- [ RunTime:0.001000s ]

[ 2015-07-01T09:12:35+08:00 ] 127.0.0.1 /admin.php/Config/Public/Admin/images/xtb3.png
INFO: [ app_init ] --START--
INFO: Run Behavior\BuildLiteBehavior [ RunTime:0.001000s ]
INFO: [ app_init ] --END-- [ RunTime:0.001000s ]

[ 2015-07-01T09:12:35+08:00 ] 127.0.0.1 /admin.php/Config/Public/Admin/images/xtb1.png
INFO: [ app_init ] --START--
INFO: Run Behavior\BuildLiteBehavior [ RunTime:0.000000s ]
INFO: [ app_init ] --END-- [ RunTime:0.001000s ]

[ 2015-07-01T09:12:35+08:00 ] 127.0.0.1 /admin.php/Config/Public/Admin/images/xtb2.png
INFO: [ app_init ] --START--
INFO: Run Behavior\BuildLiteBehavior [ RunTime:0.000000s ]
INFO: [ app_init ] --END-- [ RunTime:0.000000s ]

[ 2015-07-01T09:12:48+08:00 ] 127.0.0.1 /admin.php/Config/index.html
INFO: [ app_init ] --START--
INFO: Run Behavior\BuildLiteBehavior [ RunTime:0.000000s ]
INFO: [ app_init ] --END-- [ RunTime:0.001000s ]
INFO: [ app_begin ] --START--
INFO: Run Behavior\ReadHtmlCacheBehavior [ RunTime:0.001000s ]
INFO: [ app_begin ] --END-- [ RunTime:0.001000s ]
SQL: SHOW COLUMNS FROM `jfsd_config` [ RunTime:0.0050s ]
SQL: SELECT COUNT(*) AS tp_count FROM `jfsd_config` WHERE `status` = 1 LIMIT 1   [ RunTime:0.0010s ]
SQL: SELECT `id`,`name`,`type`,`title`,`group`,`extra`,`remark`,`create_time`,`update_time`,`status`,`value`,`sort` FROM `jfsd_config` WHERE `status` = 1 ORDER BY sort,id LIMIT 0,15   [ RunTime:0.0010s ]
INFO: [ view_parse ] --START--
INFO: [ template_filter ] --START--
INFO: Run Behavior\ContentReplaceBehavior [ RunTime:0.000000s ]
INFO: [ template_filter ] --END-- [ RunTime:0.000000s ]
INFO: Run Behavior\ParseTemplateBehavior [ RunTime:0.013000s ]
INFO: [ view_parse ] --END-- [ RunTime:0.014000s ]
INFO: [ view_filter ] --START--
INFO: Run Behavior\WriteHtmlCacheBehavior [ RunTime:0.001000s ]
INFO: [ view_filter ] --END-- [ RunTime:0.001000s ]
INFO: [ app_end ] --START--
INFO: Run Behavior\ShowPageTraceBehavior [ RunTime:0.001000s ]
INFO: [ app_end ] --END-- [ RunTime:0.001000s ]

[ 2015-07-01T09:12:48+08:00 ] 127.0.0.1 /admin.php/Config/Public/Admin/images/xtb6.png
INFO: [ app_init ] --START--
INFO: Run Behavior\BuildLiteBehavior [ RunTime:0.000000s ]
INFO: [ app_init ] --END-- [ RunTime:0.001000s ]

[ 2015-07-01T09:12:48+08:00 ] 127.0.0.1 /admin.php/Config/Public/Admin/images/xtb3.png
INFO: [ app_init ] --START--
INFO: Run Behavior\BuildLiteBehavior [ RunTime:0.001000s ]
INFO: [ app_init ] --END-- [ RunTime:0.001000s ]

[ 2015-07-01T09:12:48+08:00 ] 127.0.0.1 /admin.php/Config/Public/Admin/images/xtb2.png
INFO: [ app_init ] --START--
INFO: Run Behavior\BuildLiteBehavior [ RunTime:0.001000s ]
INFO: [ app_init ] --END-- [ RunTime:0.001000s ]

[ 2015-07-01T09:12:48+08:00 ] 127.0.0.1 /admin.php/Config/Public/Admin/images/xtb4.png
INFO: [ app_init ] --START--
INFO: Run Behavior\BuildLiteBehavior [ RunTime:0.000000s ]
INFO: [ app_init ] --END-- [ RunTime:0.001000s ]

[ 2015-07-01T09:12:48+08:00 ] 127.0.0.1 /admin.php/Config/Public/Admin/images/xtb1.png
INFO: [ app_init ] --START--
INFO: Run Behavior\BuildLiteBehavior [ RunTime:0.000000s ]
INFO: [ app_init ] --END-- [ RunTime:0.000000s ]

[ 2015-07-01T09:12:48+08:00 ] 127.0.0.1 /admin.php/Config/Public/Admin/images/xtb5.png
INFO: [ app_init ] --START--
INFO: Run Behavior\BuildLiteBehavior [ RunTime:0.000000s ]
INFO: [ app_init ] --END-- [ RunTime:0.001000s ]

[ 2015-07-01T09:15:06+08:00 ] 127.0.0.1 /admin.php/Config/index.html
INFO: [ app_init ] --START--
INFO: Run Behavior\BuildLiteBehavior [ RunTime:0.000000s ]
INFO: [ app_init ] --END-- [ RunTime:0.001000s ]
INFO: [ app_begin ] --START--
INFO: Run Behavior\ReadHtmlCacheBehavior [ RunTime:0.001000s ]
INFO: [ app_begin ] --END-- [ RunTime:0.001000s ]
SQL: SHOW COLUMNS FROM `jfsd_config` [ RunTime:0.0050s ]
SQL: SELECT COUNT(*) AS tp_count FROM `jfsd_config` WHERE `status` = 1 LIMIT 1   [ RunTime:0.0000s ]
SQL: SELECT `id`,`name`,`type`,`title`,`group`,`extra`,`remark`,`create_time`,`update_time`,`status`,`value`,`sort` FROM `jfsd_config` WHERE `status` = 1 ORDER BY sort,id LIMIT 0,15   [ RunTime:0.0010s ]
INFO: [ view_parse ] --START--
INFO: [ template_filter ] --START--
INFO: Run Behavior\ContentReplaceBehavior [ RunTime:0.000000s ]
INFO: [ template_filter ] --END-- [ RunTime:0.000000s ]
INFO: Run Behavior\ParseTemplateBehavior [ RunTime:0.017001s ]
INFO: [ view_parse ] --END-- [ RunTime:0.017001s ]
INFO: [ view_filter ] --START--
INFO: Run Behavior\WriteHtmlCacheBehavior [ RunTime:0.001000s ]
INFO: [ view_filter ] --END-- [ RunTime:0.001000s ]
INFO: [ app_end ] --START--
INFO: Run Behavior\ShowPageTraceBehavior [ RunTime:0.001000s ]
INFO: [ app_end ] --END-- [ RunTime:0.002000s ]

[ 2015-07-01T09:15:06+08:00 ] 127.0.0.1 /admin.php/Config/Public/Admin/images/xtb6.png
INFO: [ app_init ] --START--
INFO: Run Behavior\BuildLiteBehavior [ RunTime:0.000000s ]
INFO: [ app_init ] --END-- [ RunTime:0.000000s ]

[ 2015-07-01T09:15:06+08:00 ] 127.0.0.1 /admin.php/Config/Public/Admin/images/xtb5.png
INFO: [ app_init ] --START--
INFO: Run Behavior\BuildLiteBehavior [ RunTime:0.000000s ]
INFO: [ app_init ] --END-- [ RunTime:0.001000s ]

[ 2015-07-01T09:15:06+08:00 ] 127.0.0.1 /admin.php/Config/Public/Admin/images/xtb4.png
INFO: [ app_init ] --START--
INFO: Run Behavior\BuildLiteBehavior [ RunTime:0.000000s ]
INFO: [ app_init ] --END-- [ RunTime:0.001000s ]

[ 2015-07-01T09:15:06+08:00 ] 127.0.0.1 /admin.php/Config/Public/Admin/images/xtb3.png
INFO: [ app_init ] --START--
INFO: Run Behavior\BuildLiteBehavior [ RunTime:0.000000s ]
INFO: [ app_init ] --END-- [ RunTime:0.001000s ]

[ 2015-07-01T09:15:06+08:00 ] 127.0.0.1 /admin.php/Config/Public/Admin/images/xtb2.png
INFO: [ app_init ] --START--
INFO: Run Behavior\BuildLiteBehavior [ RunTime:0.000000s ]
INFO: [ app_init ] --END-- [ RunTime:0.002000s ]

[ 2015-07-01T09:15:06+08:00 ] 127.0.0.1 /admin.php/Config/Public/Admin/images/xtb1.png
INFO: [ app_init ] --START--
INFO: Run Behavior\BuildLiteBehavior [ RunTime:0.000000s ]
INFO: [ app_init ] --END-- [ RunTime:0.000000s ]

[ 2015-07-01T09:15:57+08:00 ] 127.0.0.1 /admin.php/Config/index.html
INFO: [ app_init ] --START--
INFO: Run Behavior\BuildLiteBehavior [ RunTime:0.000000s ]
INFO: [ app_init ] --END-- [ RunTime:0.001000s ]
INFO: [ app_begin ] --START--
INFO: Run Behavior\ReadHtmlCacheBehavior [ RunTime:0.001000s ]
INFO: [ app_begin ] --END-- [ RunTime:0.002001s ]
SQL: SHOW COLUMNS FROM `jfsd_config` [ RunTime:0.0050s ]
SQL: SELECT COUNT(*) AS tp_count FROM `jfsd_config` WHERE `status` = 1 LIMIT 1   [ RunTime:0.0000s ]
SQL: SELECT `id`,`name`,`type`,`title`,`group`,`extra`,`remark`,`create_time`,`update_time`,`status`,`value`,`sort` FROM `jfsd_config` WHERE `status` = 1 ORDER BY sort,id LIMIT 0,15   [ RunTime:0.0010s ]
INFO: [ view_parse ] --START--
INFO: [ template_filter ] --START--
INFO: Run Behavior\ContentReplaceBehavior [ RunTime:0.000000s ]
INFO: [ template_filter ] --END-- [ RunTime:0.000000s ]
INFO: Run Behavior\ParseTemplateBehavior [ RunTime:0.014001s ]
INFO: [ view_parse ] --END-- [ RunTime:0.014001s ]
INFO: [ view_filter ] --START--
INFO: Run Behavior\WriteHtmlCacheBehavior [ RunTime:0.000000s ]
INFO: [ view_filter ] --END-- [ RunTime:0.000000s ]
INFO: [ app_end ] --START--
INFO: Run Behavior\ShowPageTraceBehavior [ RunTime:0.001000s ]
INFO: [ app_end ] --END-- [ RunTime:0.001000s ]

[ 2015-07-01T09:15:57+08:00 ] 127.0.0.1 /admin.php/Config/Public/Admin/images/xtb4.png
INFO: [ app_init ] --START--
INFO: Run Behavior\BuildLiteBehavior [ RunTime:0.000000s ]
INFO: [ app_init ] --END-- [ RunTime:0.001000s ]

[ 2015-07-01T09:15:57+08:00 ] 127.0.0.1 /admin.php/Config/Public/Admin/images/xtb6.png
INFO: [ app_init ] --START--
INFO: Run Behavior\BuildLiteBehavior [ RunTime:0.000000s ]
INFO: [ app_init ] --END-- [ RunTime:0.003000s ]

[ 2015-07-01T09:15:57+08:00 ] 127.0.0.1 /admin.php/Config/Public/Admin/images/xtb2.png
INFO: [ app_init ] --START--
INFO: Run Behavior\BuildLiteBehavior [ RunTime:0.000000s ]
INFO: [ app_init ] --END-- [ RunTime:0.001001s ]

[ 2015-07-01T09:15:57+08:00 ] 127.0.0.1 /admin.php/Config/Public/Admin/images/xtb5.png
INFO: [ app_init ] --START--
INFO: Run Behavior\BuildLiteBehavior [ RunTime:0.000000s ]
INFO: [ app_init ] --END-- [ RunTime:0.001000s ]

[ 2015-07-01T09:15:57+08:00 ] 127.0.0.1 /admin.php/Config/Public/Admin/images/xtb1.png
INFO: [ app_init ] --START--
INFO: Run Behavior\BuildLiteBehavior [ RunTime:0.000000s ]
INFO: [ app_init ] --END-- [ RunTime:0.001000s ]

[ 2015-07-01T09:15:59+08:00 ] 127.0.0.1 /admin.php/Config/group.html
INFO: [ app_init ] --START--
INFO: Run Behavior\BuildLiteBehavior [ RunTime:0.000000s ]
INFO: [ app_init ] --END-- [ RunTime:0.001000s ]
INFO: [ app_begin ] --START--
INFO: Run Behavior\ReadHtmlCacheBehavior [ RunTime:0.001000s ]
INFO: [ app_begin ] --END-- [ RunTime:0.001000s ]
SQL: SHOW COLUMNS FROM `jfsd_config` [ RunTime:0.0050s ]
SQL: SELECT `id`,`name`,`title`,`extra`,`value`,`remark`,`type` FROM `jfsd_config` WHERE `status` = 1 AND `group` = 1 ORDER BY sort  [ RunTime:0.0010s ]
ERR: 模板不存在:./Application/Admin/View/Bjjfsd/Config/group.php

[ 2015-07-01T09:16:21+08:00 ] 127.0.0.1 /admin.php/Config/index.html
INFO: [ app_init ] --START--
INFO: Run Behavior\BuildLiteBehavior [ RunTime:0.000000s ]
INFO: [ app_init ] --END-- [ RunTime:0.000000s ]
INFO: [ app_begin ] --START--
INFO: Run Behavior\ReadHtmlCacheBehavior [ RunTime:0.001000s ]
INFO: [ app_begin ] --END-- [ RunTime:0.001000s ]
SQL: SHOW COLUMNS FROM `jfsd_config` [ RunTime:0.0050s ]
SQL: SELECT COUNT(*) AS tp_count FROM `jfsd_config` WHERE `status` = 1 LIMIT 1   [ RunTime:0.0010s ]
SQL: SELECT `id`,`name`,`type`,`title`,`group`,`extra`,`remark`,`create_time`,`update_time`,`status`,`value`,`sort` FROM `jfsd_config` WHERE `status` = 1 ORDER BY sort,id LIMIT 0,15   [ RunTime:0.0010s ]
INFO: [ view_parse ] --START--
INFO: [ template_filter ] --START--
INFO: Run Behavior\ContentReplaceBehavior [ RunTime:0.000000s ]
INFO: [ template_filter ] --END-- [ RunTime:0.000000s ]
INFO: Run Behavior\ParseTemplateBehavior [ RunTime:0.016001s ]
INFO: [ view_parse ] --END-- [ RunTime:0.016001s ]
INFO: [ view_filter ] --START--
INFO: Run Behavior\WriteHtmlCacheBehavior [ RunTime:0.000000s ]
INFO: [ view_filter ] --END-- [ RunTime:0.001000s ]
INFO: [ app_end ] --START--
INFO: Run Behavior\ShowPageTraceBehavior [ RunTime:0.001000s ]
INFO: [ app_end ] --END-- [ RunTime:0.001000s ]

[ 2015-07-01T09:16:21+08:00 ] 127.0.0.1 /admin.php/Config/Public/Admin/images/xtb6.png
INFO: [ app_init ] --START--
INFO: Run Behavior\BuildLiteBehavior [ RunTime:0.000000s ]
INFO: [ app_init ] --END-- [ RunTime:0.001000s ]

[ 2015-07-01T09:16:21+08:00 ] 127.0.0.1 /admin.php/Config/Public/Admin/images/xtb4.png
INFO: [ app_init ] --START--
INFO: Run Behavior\BuildLiteBehavior [ RunTime:0.000000s ]
INFO: [ app_init ] --END-- [ RunTime:0.001000s ]

[ 2015-07-01T09:16:21+08:00 ] 127.0.0.1 /admin.php/Config/Public/Admin/images/xtb5.png
INFO: [ app_init ] --START--
INFO: Run Behavior\BuildLiteBehavior [ RunTime:0.000000s ]
INFO: [ app_init ] --END-- [ RunTime:0.002000s ]

[ 2015-07-01T09:16:21+08:00 ] 127.0.0.1 /admin.php/Config/Public/Admin/images/xtb3.png
INFO: [ app_init ] --START--
INFO: Run Behavior\BuildLiteBehavior [ RunTime:0.000000s ]
INFO: [ app_init ] --END-- [ RunTime:0.000000s ]

[ 2015-07-01T09:16:21+08:00 ] 127.0.0.1 /admin.php/Config/Public/Admin/images/xtb2.png
INFO: [ app_init ] --START--
INFO: Run Behavior\BuildLiteBehavior [ RunTime:0.000000s ]
INFO: [ app_init ] --END-- [ RunTime:0.001000s ]

[ 2015-07-01T09:16:21+08:00 ] 127.0.0.1 /admin.php/Config/Public/Admin/images/xtb1.png
INFO: [ app_init ] --START--
INFO: Run Behavior\BuildLiteBehavior [ RunTime:0.000000s ]
INFO: [ app_init ] --END-- [ RunTime:0.001000s ]

[ 2015-07-01T09:16:22+08:00 ] 127.0.0.1 /admin.php/Config/group.html
INFO: [ app_init ] --START--
INFO: Run Behavior\BuildLiteBehavior [ RunTime:0.000000s ]
INFO: [ app_init ] --END-- [ RunTime:0.001000s ]
INFO: [ app_begin ] --START--
INFO: Run Behavior\ReadHtmlCacheBehavior [ RunTime:0.001000s ]
INFO: [ app_begin ] --END-- [ RunTime:0.001000s ]
SQL: SHOW COLUMNS FROM `jfsd_config` [ RunTime:0.0060s ]
SQL: SELECT `id`,`name`,`title`,`extra`,`value`,`remark`,`type` FROM `jfsd_config` WHERE `status` = 1 AND `group` = 1 ORDER BY sort  [ RunTime:0.0010s ]
INFO: [ view_parse ] --START--
INFO: [ template_filter ] --START--
INFO: Run Behavior\ContentReplaceBehavior [ RunTime:0.000000s ]
INFO: [ template_filter ] --END-- [ RunTime:0.000000s ]
NOTIC: [8] Undefined index: group D:\phpStudy\WWW\thinkphp\Application\Runtime\Cache\Admin\2f28918057fc831bfe087f8953f22c75.php 第 114 行.
NOTIC: [8] Undefined index: group D:\phpStudy\WWW\thinkphp\Application\Runtime\Cache\Admin\2f28918057fc831bfe087f8953f22c75.php 第 114 行.
NOTIC: [8] Undefined index: group D:\phpStudy\WWW\thinkphp\Application\Runtime\Cache\Admin\2f28918057fc831bfe087f8953f22c75.php 第 114 行.
NOTIC: [8] Undefined index: group D:\phpStudy\WWW\thinkphp\Application\Runtime\Cache\Admin\2f28918057fc831bfe087f8953f22c75.php 第 114 行.
NOTIC: [8] Undefined index: group D:\phpStudy\WWW\thinkphp\Application\Runtime\Cache\Admin\2f28918057fc831bfe087f8953f22c75.php 第 114 行.
NOTIC: [8] Undefined variable: _page D:\phpStudy\WWW\thinkphp\Application\Runtime\Cache\Admin\2f28918057fc831bfe087f8953f22c75.php 第 126 行.
INFO: Run Behavior\ParseTemplateBehavior [ RunTime:0.014000s ]
INFO: [ view_parse ] --END-- [ RunTime:0.014000s ]
INFO: [ view_filter ] --START--
INFO: Run Behavior\WriteHtmlCacheBehavior [ RunTime:0.001001s ]
INFO: [ view_filter ] --END-- [ RunTime:0.001001s ]
INFO: [ app_end ] --START--
INFO: Run Behavior\ShowPageTraceBehavior [ RunTime:0.001000s ]
INFO: [ app_end ] --END-- [ RunTime:0.001000s ]

[ 2015-07-01T09:16:22+08:00 ] 127.0.0.1 /admin.php/Config/Public/Admin/images/xtb5.png
INFO: [ app_init ] --START--
INFO: Run Behavior\BuildLiteBehavior [ RunTime:0.000000s ]
INFO: [ app_init ] --END-- [ RunTime:0.001000s ]

[ 2015-07-01T09:16:22+08:00 ] 127.0.0.1 /admin.php/Config/Public/Admin/images/xtb4.png
INFO: [ app_init ] --START--
INFO: Run Behavior\BuildLiteBehavior [ RunTime:0.000000s ]
INFO: [ app_init ] --END-- [ RunTime:0.001000s ]

[ 2015-07-01T09:16:22+08:00 ] 127.0.0.1 /admin.php/Config/Public/Admin/images/xtb3.png
INFO: [ app_init ] --START--
INFO: Run Behavior\BuildLiteBehavior [ RunTime:0.000000s ]
INFO: [ app_init ] --END-- [ RunTime:0.001000s ]

[ 2015-07-01T09:16:22+08:00 ] 127.0.0.1 /admin.php/Config/Public/Admin/images/xtb2.png
INFO: [ app_init ] --START--
INFO: Run Behavior\BuildLiteBehavior [ RunTime:0.000000s ]
INFO: [ app_init ] --END-- [ RunTime:0.000000s ]

[ 2015-07-01T09:16:22+08:00 ] 127.0.0.1 /admin.php/Config/Public/Admin/images/xtb6.png
INFO: [ app_init ] --START--
INFO: Run Behavior\BuildLiteBehavior [ RunTime:0.000000s ]
INFO: [ app_init ] --END-- [ RunTime:0.003000s ]

[ 2015-07-01T09:16:22+08:00 ] 127.0.0.1 /admin.php/Config/Public/Admin/images/xtb1.png
INFO: [ app_init ] --START--
INFO: Run Behavior\BuildLiteBehavior [ RunTime:0.000000s ]
INFO: [ app_init ] --END-- [ RunTime:0.001000s ]

[ 2015-07-01T09:16:23+08:00 ] 127.0.0.1 /admin.php/Config/index.html
INFO: [ app_init ] --START--
INFO: Run Behavior\BuildLiteBehavior [ RunTime:0.000000s ]
INFO: [ app_init ] --END-- [ RunTime:0.000000s ]
INFO: [ app_begin ] --START--
INFO: Run Behavior\ReadHtmlCacheBehavior [ RunTime:0.001000s ]
INFO: [ app_begin ] --END-- [ RunTime:0.001000s ]
SQL: SHOW COLUMNS FROM `jfsd_config` [ RunTime:0.0060s ]
SQL: SELECT COUNT(*) AS tp_count FROM `jfsd_config` WHERE `status` = 1 LIMIT 1   [ RunTime:0.0000s ]
SQL: SELECT `id`,`name`,`type`,`title`,`group`,`extra`,`remark`,`create_time`,`update_time`,`status`,`value`,`sort` FROM `jfsd_config` WHERE `status` = 1 ORDER BY sort,id LIMIT 0,15   [ RunTime:0.0010s ]
INFO: [ view_parse ] --START--
INFO: [ template_filter ] --START--
INFO: Run Behavior\ContentReplaceBehavior [ RunTime:0.000000s ]
INFO: [ template_filter ] --END-- [ RunTime:0.000000s ]
INFO: Run Behavior\ParseTemplateBehavior [ RunTime:0.021001s ]
INFO: [ view_parse ] --END-- [ RunTime:0.021001s ]
INFO: [ view_filter ] --START--
INFO: Run Behavior\WriteHtmlCacheBehavior [ RunTime:0.000000s ]
INFO: [ view_filter ] --END-- [ RunTime:0.000000s ]
INFO: [ app_end ] --START--
INFO: Run Behavior\ShowPageTraceBehavior [ RunTime:0.001000s ]
INFO: [ app_end ] --END-- [ RunTime:0.001000s ]

[ 2015-07-01T09:16:23+08:00 ] 127.0.0.1 /admin.php/Config/Public/Admin/images/xtb6.png
INFO: [ app_init ] --START--
INFO: Run Behavior\BuildLiteBehavior [ RunTime:0.000000s ]
INFO: [ app_init ] --END-- [ RunTime:0.006000s ]

[ 2015-07-01T09:16:23+08:00 ] 127.0.0.1 /admin.php/Config/Public/Admin/images/xtb2.png
INFO: [ app_init ] --START--
INFO: Run Behavior\BuildLiteBehavior [ RunTime:0.000000s ]
INFO: [ app_init ] --END-- [ RunTime:0.000000s ]

[ 2015-07-01T09:16:23+08:00 ] 127.0.0.1 /admin.php/Config/Public/Admin/images/xtb5.png
INFO: [ app_init ] --START--
INFO: Run Behavior\BuildLiteBehavior [ RunTime:0.000000s ]
INFO: [ app_init ] --END-- [ RunTime:0.005000s ]

[ 2015-07-01T09:16:23+08:00 ] 127.0.0.1 /admin.php/Config/Public/Admin/images/xtb4.png
INFO: [ app_init ] --START--
INFO: Run Behavior\BuildLiteBehavior [ RunTime:0.000000s ]
INFO: [ app_init ] --END-- [ RunTime:0.001000s ]

[ 2015-07-01T09:16:23+08:00 ] 127.0.0.1 /admin.php/Config/Public/Admin/images/xtb1.png
INFO: [ app_init ] --START--
INFO: Run Behavior\BuildLiteBehavior [ RunTime:0.000000s ]
INFO: [ app_init ] --END-- [ RunTime:0.001000s ]

[ 2015-07-01T09:16:23+08:00 ] 127.0.0.1 /admin.php/Config/Public/Admin/images/xtb3.png
INFO: [ app_init ] --START--
INFO: Run Behavior\BuildLiteBehavior [ RunTime:0.000000s ]
INFO: [ app_init ] --END-- [ RunTime:0.001000s ]

[ 2015-07-01T09:16:24+08:00 ] 127.0.0.1 /admin.php/Config/group.html
INFO: [ app_init ] --START--
INFO: Run Behavior\BuildLiteBehavior [ RunTime:0.000000s ]
INFO: [ app_init ] --END-- [ RunTime:0.000000s ]
INFO: [ app_begin ] --START--
INFO: Run Behavior\ReadHtmlCacheBehavior [ RunTime:0.001000s ]
INFO: [ app_begin ] --END-- [ RunTime:0.001000s ]
SQL: SHOW COLUMNS FROM `jfsd_config` [ RunTime:0.0050s ]
SQL: SELECT `id`,`name`,`title`,`extra`,`value`,`remark`,`type` FROM `jfsd_config` WHERE `status` = 1 AND `group` = 1 ORDER BY sort  [ RunTime:0.0000s ]
INFO: [ view_parse ] --START--
INFO: [ template_filter ] --START--
INFO: Run Behavior\ContentReplaceBehavior [ RunTime:0.000000s ]
INFO: [ template_filter ] --END-- [ RunTime:0.000000s ]
NOTIC: [8] Undefined index: group D:\phpStudy\WWW\thinkphp\Application\Runtime\Cache\Admin\2f28918057fc831bfe087f8953f22c75.php 第 114 行.
NOTIC: [8] Undefined index: group D:\phpStudy\WWW\thinkphp\Application\Runtime\Cache\Admin\2f28918057fc831bfe087f8953f22c75.php 第 114 行.
NOTIC: [8] Undefined index: group D:\phpStudy\WWW\thinkphp\Application\Runtime\Cache\Admin\2f28918057fc831bfe087f8953f22c75.php 第 114 行.
NOTIC: [8] Undefined index: group D:\phpStudy\WWW\thinkphp\Application\Runtime\Cache\Admin\2f28918057fc831bfe087f8953f22c75.php 第 114 行.
NOTIC: [8] Undefined index: group D:\phpStudy\WWW\thinkphp\Application\Runtime\Cache\Admin\2f28918057fc831bfe087f8953f22c75.php 第 114 行.
NOTIC: [8] Undefined variable: _page D:\phpStudy\WWW\thinkphp\Application\Runtime\Cache\Admin\2f28918057fc831bfe087f8953f22c75.php 第 126 行.
INFO: Run Behavior\ParseTemplateBehavior [ RunTime:0.012000s ]
INFO: [ view_parse ] --END-- [ RunTime:0.012000s ]
INFO: [ view_filter ] --START--
INFO: Run Behavior\WriteHtmlCacheBehavior [ RunTime:0.001000s ]
INFO: [ view_filter ] --END-- [ RunTime:0.001000s ]
INFO: [ app_end ] --START--
INFO: Run Behavior\ShowPageTraceBehavior [ RunTime:0.001000s ]
INFO: [ app_end ] --END-- [ RunTime:0.001000s ]

[ 2015-07-01T09:16:25+08:00 ] 127.0.0.1 /admin.php/Config/Public/Admin/images/xtb5.png
INFO: [ app_init ] --START--
INFO: Run Behavior\BuildLiteBehavior [ RunTime:0.000000s ]
INFO: [ app_init ] --END-- [ RunTime:0.001001s ]

[ 2015-07-01T09:16:25+08:00 ] 127.0.0.1 /admin.php/Config/Public/Admin/images/xtb6.png
INFO: [ app_init ] --START--
INFO: Run Behavior\BuildLiteBehavior [ RunTime:0.000000s ]
INFO: [ app_init ] --END-- [ RunTime:0.001000s ]

[ 2015-07-01T09:16:25+08:00 ] 127.0.0.1 /admin.php/Config/Public/Admin/images/xtb4.png
INFO: [ app_init ] --START--
INFO: Run Behavior\BuildLiteBehavior [ RunTime:0.000000s ]
INFO: [ app_init ] --END-- [ RunTime:0.001000s ]

[ 2015-07-01T09:16:25+08:00 ] 127.0.0.1 /admin.php/Config/Public/Admin/images/xtb3.png
INFO: [ app_init ] --START--
INFO: Run Behavior\BuildLiteBehavior [ RunTime:0.000000s ]
INFO: [ app_init ] --END-- [ RunTime:0.001001s ]

[ 2015-07-01T09:16:25+08:00 ] 127.0.0.1 /admin.php/Config/Public/Admin/images/xtb2.png
INFO: [ app_init ] --START--
INFO: Run Behavior\BuildLiteBehavior [ RunTime:0.000000s ]
INFO: [ app_init ] --END-- [ RunTime:0.001000s ]

[ 2015-07-01T09:16:25+08:00 ] 127.0.0.1 /admin.php/Config/Public/Admin/images/xtb1.png
INFO: [ app_init ] --START--
INFO: Run Behavior\BuildLiteBehavior [ RunTime:0.000000s ]
INFO: [ app_init ] --END-- [ RunTime:0.000000s ]

[ 2015-07-01T09:18:07+08:00 ] 127.0.0.1 /admin.php/Config/group.html
INFO: [ app_init ] --START--
INFO: Run Behavior\BuildLiteBehavior [ RunTime:0.000000s ]
INFO: [ app_init ] --END-- [ RunTime:0.001000s ]
INFO: [ app_begin ] --START--
INFO: Run Behavior\ReadHtmlCacheBehavior [ RunTime:0.001000s ]
INFO: [ app_begin ] --END-- [ RunTime:0.001000s ]
SQL: SHOW COLUMNS FROM `jfsd_config` [ RunTime:0.0060s ]
SQL: SELECT `id`,`name`,`title`,`extra`,`value`,`remark`,`type` FROM `jfsd_config` WHERE `status` = 1 AND `group` = 1 ORDER BY sort  [ RunTime:0.0000s ]
INFO: [ view_parse ] --START--
INFO: [ template_filter ] --START--
INFO: Run Behavior\ContentReplaceBehavior [ RunTime:0.000000s ]
INFO: [ template_filter ] --END-- [ RunTime:0.000000s ]
NOTIC: [8] Undefined index: group D:\phpStudy\WWW\thinkphp\Application\Runtime\Cache\Admin\2f28918057fc831bfe087f8953f22c75.php 第 114 行.
NOTIC: [8] Undefined index: group D:\phpStudy\WWW\thinkphp\Application\Runtime\Cache\Admin\2f28918057fc831bfe087f8953f22c75.php 第 114 行.
NOTIC: [8] Undefined index: group D:\phpStudy\WWW\thinkphp\Application\Runtime\Cache\Admin\2f28918057fc831bfe087f8953f22c75.php 第 114 行.
NOTIC: [8] Undefined index: group D:\phpStudy\WWW\thinkphp\Application\Runtime\Cache\Admin\2f28918057fc831bfe087f8953f22c75.php 第 114 行.
NOTIC: [8] Undefined index: group D:\phpStudy\WWW\thinkphp\Application\Runtime\Cache\Admin\2f28918057fc831bfe087f8953f22c75.php 第 114 行.
NOTIC: [8] Undefined variable: _page D:\phpStudy\WWW\thinkphp\Application\Runtime\Cache\Admin\2f28918057fc831bfe087f8953f22c75.php 第 126 行.
INFO: Run Behavior\ParseTemplateBehavior [ RunTime:0.015001s ]
INFO: [ view_parse ] --END-- [ RunTime:0.015001s ]
INFO: [ view_filter ] --START--
INFO: Run Behavior\WriteHtmlCacheBehavior [ RunTime:0.000000s ]
INFO: [ view_filter ] --END-- [ RunTime:0.001000s ]
INFO: [ app_end ] --START--
INFO: Run Behavior\ShowPageTraceBehavior [ RunTime:0.001000s ]
INFO: [ app_end ] --END-- [ RunTime:0.001000s ]

[ 2015-07-01T09:18:07+08:00 ] 127.0.0.1 /admin.php/Config/Public/Admin/images/xtb6.png
INFO: [ app_init ] --START--
INFO: Run Behavior\BuildLiteBehavior [ RunTime:0.000000s ]
INFO: [ app_init ] --END-- [ RunTime:0.000000s ]

[ 2015-07-01T09:18:07+08:00 ] 127.0.0.1 /admin.php/Config/Public/Admin/images/xtb5.png
INFO: [ app_init ] --START--
INFO: Run Behavior\BuildLiteBehavior [ RunTime:0.000000s ]
INFO: [ app_init ] --END-- [ RunTime:0.001000s ]

[ 2015-07-01T09:18:07+08:00 ] 127.0.0.1 /admin.php/Config/Public/Admin/images/xtb3.png
INFO: [ app_init ] --START--
INFO: Run Behavior\BuildLiteBehavior [ RunTime:0.000000s ]
INFO: [ app_init ] --END-- [ RunTime:0.001000s ]

[ 2015-07-01T09:18:07+08:00 ] 127.0.0.1 /admin.php/Config/Public/Admin/images/xtb1.png
INFO: [ app_init ] --START--
INFO: Run Behavior\BuildLiteBehavior [ RunTime:0.000000s ]
INFO: [ app_init ] --END-- [ RunTime:0.002000s ]

[ 2015-07-01T09:18:07+08:00 ] 127.0.0.1 /admin.php/Config/Public/Admin/images/xtb2.png
INFO: [ app_init ] --START--
INFO: Run Behavior\BuildLiteBehavior [ RunTime:0.000000s ]
INFO: [ app_init ] --END-- [ RunTime:0.001000s ]

[ 2015-07-01T09:18:07+08:00 ] 127.0.0.1 /admin.php/Config/Public/Admin/images/xtb4.png
INFO: [ app_init ] --START--
INFO: Run Behavior\BuildLiteBehavior [ RunTime:0.001000s ]
INFO: [ app_init ] --END-- [ RunTime:0.001000s ]

[ 2015-07-01T09:18:08+08:00 ] 127.0.0.1 /admin.php/Config/index.html
INFO: [ app_init ] --START--
INFO: Run Behavior\BuildLiteBehavior [ RunTime:0.000000s ]
INFO: [ app_init ] --END-- [ RunTime:0.001000s ]
INFO: [ app_begin ] --START--
INFO: Run Behavior\ReadHtmlCacheBehavior [ RunTime:0.001000s ]
INFO: [ app_begin ] --END-- [ RunTime:0.001000s ]
SQL: SHOW COLUMNS FROM `jfsd_config` [ RunTime:0.0050s ]
SQL: SELECT COUNT(*) AS tp_count FROM `jfsd_config` WHERE `status` = 1 LIMIT 1   [ RunTime:0.0010s ]
SQL: SELECT `id`,`name`,`type`,`title`,`group`,`extra`,`remark`,`create_time`,`update_time`,`status`,`value`,`sort` FROM `jfsd_config` WHERE `status` = 1 ORDER BY sort,id LIMIT 0,15   [ RunTime:0.0010s ]
INFO: [ view_parse ] --START--
INFO: [ template_filter ] --START--
INFO: Run Behavior\ContentReplaceBehavior [ RunTime:0.000000s ]
INFO: [ template_filter ] --END-- [ RunTime:0.000000s ]
INFO: Run Behavior\ParseTemplateBehavior [ RunTime:0.014001s ]
INFO: [ view_parse ] --END-- [ RunTime:0.014001s ]
INFO: [ view_filter ] --START--
INFO: Run Behavior\WriteHtmlCacheBehavior [ RunTime:0.000000s ]
INFO: [ view_filter ] --END-- [ RunTime:0.000000s ]
INFO: [ app_end ] --START--
INFO: Run Behavior\ShowPageTraceBehavior [ RunTime:0.001000s ]
INFO: [ app_end ] --END-- [ RunTime:0.001000s ]

[ 2015-07-01T09:18:08+08:00 ] 127.0.0.1 /admin.php/Config/Public/Admin/images/xtb4.png
INFO: [ app_init ] --START--
INFO: Run Behavior\BuildLiteBehavior [ RunTime:0.000000s ]
INFO: [ app_init ] --END-- [ RunTime:0.001000s ]

[ 2015-07-01T09:18:08+08:00 ] 127.0.0.1 /admin.php/Config/Public/Admin/images/xtb6.png
INFO: [ app_init ] --START--
INFO: Run Behavior\BuildLiteBehavior [ RunTime:0.000000s ]
INFO: [ app_init ] --END-- [ RunTime:0.000000s ]

[ 2015-07-01T09:18:08+08:00 ] 127.0.0.1 /admin.php/Config/Public/Admin/images/xtb3.png
INFO: [ app_init ] --START--
INFO: Run Behavior\BuildLiteBehavior [ RunTime:0.000000s ]
INFO: [ app_init ] --END-- [ RunTime:0.000000s ]

[ 2015-07-01T09:18:08+08:00 ] 127.0.0.1 /admin.php/Config/Public/Admin/images/xtb2.png
INFO: [ app_init ] --START--
INFO: Run Behavior\BuildLiteBehavior [ RunTime:0.000000s ]
INFO: [ app_init ] --END-- [ RunTime:0.001000s ]

[ 2015-07-01T09:18:08+08:00 ] 127.0.0.1 /admin.php/Config/Public/Admin/images/xtb5.png
INFO: [ app_init ] --START--
INFO: Run Behavior\BuildLiteBehavior [ RunTime:0.000000s ]
INFO: [ app_init ] --END-- [ RunTime:0.000000s ]

[ 2015-07-01T09:18:08+08:00 ] 127.0.0.1 /admin.php/Config/Public/Admin/images/xtb1.png
INFO: [ app_init ] --START--
INFO: Run Behavior\BuildLiteBehavior [ RunTime:0.000000s ]
INFO: [ app_init ] --END-- [ RunTime:0.001000s ]

[ 2015-07-01T09:18:10+08:00 ] 127.0.0.1 /admin.php/Config/group.html
INFO: [ app_init ] --START--
INFO: Run Behavior\BuildLiteBehavior [ RunTime:0.000000s ]
INFO: [ app_init ] --END-- [ RunTime:0.001000s ]
INFO: [ app_begin ] --START--
INFO: Run Behavior\ReadHtmlCacheBehavior [ RunTime:0.001000s ]
INFO: [ app_begin ] --END-- [ RunTime:0.001000s ]
SQL: SHOW COLUMNS FROM `jfsd_config` [ RunTime:0.0060s ]
SQL: SELECT `id`,`name`,`title`,`extra`,`value`,`remark`,`type` FROM `jfsd_config` WHERE `status` = 1 AND `group` = 1 ORDER BY sort  [ RunTime:0.0010s ]
INFO: [ view_parse ] --START--
INFO: [ template_filter ] --START--
INFO: Run Behavior\ContentReplaceBehavior [ RunTime:0.000000s ]
INFO: [ template_filter ] --END-- [ RunTime:0.001000s ]
NOTIC: [8] Undefined index: group D:\phpStudy\WWW\thinkphp\Application\Runtime\Cache\Admin\2f28918057fc831bfe087f8953f22c75.php 第 114 行.
NOTIC: [8] Undefined index: group D:\phpStudy\WWW\thinkphp\Application\Runtime\Cache\Admin\2f28918057fc831bfe087f8953f22c75.php 第 114 行.
NOTIC: [8] Undefined index: group D:\phpStudy\WWW\thinkphp\Application\Runtime\Cache\Admin\2f28918057fc831bfe087f8953f22c75.php 第 114 行.
NOTIC: [8] Undefined index: group D:\phpStudy\WWW\thinkphp\Application\Runtime\Cache\Admin\2f28918057fc831bfe087f8953f22c75.php 第 114 行.
NOTIC: [8] Undefined index: group D:\phpStudy\WWW\thinkphp\Application\Runtime\Cache\Admin\2f28918057fc831bfe087f8953f22c75.php 第 114 行.
NOTIC: [8] Undefined variable: _page D:\phpStudy\WWW\thinkphp\Application\Runtime\Cache\Admin\2f28918057fc831bfe087f8953f22c75.php 第 126 行.
INFO: Run Behavior\ParseTemplateBehavior [ RunTime:0.015001s ]
INFO: [ view_parse ] --END-- [ RunTime:0.015001s ]
INFO: [ view_filter ] --START--
INFO: Run Behavior\WriteHtmlCacheBehavior [ RunTime:0.000000s ]
INFO: [ view_filter ] --END-- [ RunTime:0.001000s ]
INFO: [ app_end ] --START--
INFO: Run Behavior\ShowPageTraceBehavior [ RunTime:0.001000s ]
INFO: [ app_end ] --END-- [ RunTime:0.001000s ]

[ 2015-07-01T09:18:10+08:00 ] 127.0.0.1 /admin.php/Config/Public/Admin/images/xtb6.png
INFO: [ app_init ] --START--
INFO: Run Behavior\BuildLiteBehavior [ RunTime:0.000000s ]
INFO: [ app_init ] --END-- [ RunTime:0.000000s ]

[ 2015-07-01T09:18:10+08:00 ] 127.0.0.1 /admin.php/Config/Public/Admin/images/xtb4.png
INFO: [ app_init ] --START--
INFO: Run Behavior\BuildLiteBehavior [ RunTime:0.000000s ]
INFO: [ app_init ] --END-- [ RunTime:0.001000s ]

[ 2015-07-01T09:18:10+08:00 ] 127.0.0.1 /admin.php/Config/Public/Admin/images/xtb1.png
INFO: [ app_init ] --START--
INFO: Run Behavior\BuildLiteBehavior [ RunTime:0.000000s ]
INFO: [ app_init ] --END-- [ RunTime:0.001000s ]

[ 2015-07-01T09:18:10+08:00 ] 127.0.0.1 /admin.php/Config/Public/Admin/images/xtb3.png
INFO: [ app_init ] --START--
INFO: Run Behavior\BuildLiteBehavior [ RunTime:0.000000s ]
INFO: [ app_init ] --END-- [ RunTime:0.001000s ]

[ 2015-07-01T09:18:10+08:00 ] 127.0.0.1 /admin.php/Config/Public/Admin/images/xtb2.png
INFO: [ app_init ] --START--
INFO: Run Behavior\BuildLiteBehavior [ RunTime:0.000000s ]
INFO: [ app_init ] --END-- [ RunTime:0.003000s ]

[ 2015-07-01T09:18:10+08:00 ] 127.0.0.1 /admin.php/Config/Public/Admin/images/xtb5.png
INFO: [ app_init ] --START--
INFO: Run Behavior\BuildLiteBehavior [ RunTime:0.000000s ]
INFO: [ app_init ] --END-- [ RunTime:0.001000s ]

[ 2015-07-01T09:18:11+08:00 ] 127.0.0.1 /admin.php/Config/index.html
INFO: [ app_init ] --START--
INFO: Run Behavior\BuildLiteBehavior [ RunTime:0.001000s ]
INFO: [ app_init ] --END-- [ RunTime:0.001000s ]
INFO: [ app_begin ] --START--
INFO: Run Behavior\ReadHtmlCacheBehavior [ RunTime:0.001000s ]
INFO: [ app_begin ] --END-- [ RunTime:0.001000s ]
SQL: SHOW COLUMNS FROM `jfsd_config` [ RunTime:0.0050s ]
SQL: SELECT COUNT(*) AS tp_count FROM `jfsd_config` WHERE `status` = 1 LIMIT 1   [ RunTime:0.0010s ]
SQL: SELECT `id`,`name`,`type`,`title`,`group`,`extra`,`remark`,`create_time`,`update_time`,`status`,`value`,`sort` FROM `jfsd_config` WHERE `status` = 1 ORDER BY sort,id LIMIT 0,15   [ RunTime:0.0010s ]
INFO: [ view_parse ] --START--
INFO: [ template_filter ] --START--
INFO: Run Behavior\ContentReplaceBehavior [ RunTime:0.000000s ]
INFO: [ template_filter ] --END-- [ RunTime:0.000000s ]
INFO: Run Behavior\ParseTemplateBehavior [ RunTime:0.014001s ]
INFO: [ view_parse ] --END-- [ RunTime:0.014001s ]
INFO: [ view_filter ] --START--
INFO: Run Behavior\WriteHtmlCacheBehavior [ RunTime:0.001000s ]
INFO: [ view_filter ] --END-- [ RunTime:0.001000s ]
INFO: [ app_end ] --START--
INFO: Run Behavior\ShowPageTraceBehavior [ RunTime:0.001000s ]
INFO: [ app_end ] --END-- [ RunTime:0.002000s ]

[ 2015-07-01T09:18:11+08:00 ] 127.0.0.1 /admin.php/Config/Public/Admin/images/xtb6.png
INFO: [ app_init ] --START--
INFO: Run Behavior\BuildLiteBehavior [ RunTime:0.000000s ]
INFO: [ app_init ] --END-- [ RunTime:0.000000s ]

[ 2015-07-01T09:18:11+08:00 ] 127.0.0.1 /admin.php/Config/Public/Admin/images/xtb5.png
INFO: [ app_init ] --START--
INFO: Run Behavior\BuildLiteBehavior [ RunTime:0.000000s ]
INFO: [ app_init ] --END-- [ RunTime:0.001000s ]

[ 2015-07-01T09:18:11+08:00 ] 127.0.0.1 /admin.php/Config/Public/Admin/images/xtb4.png
INFO: [ app_init ] --START--
INFO: Run Behavior\BuildLiteBehavior [ RunTime:0.000000s ]
INFO: [ app_init ] --END-- [ RunTime:0.000000s ]

[ 2015-07-01T09:18:11+08:00 ] 127.0.0.1 /admin.php/Config/Public/Admin/images/xtb3.png
INFO: [ app_init ] --START--
INFO: Run Behavior\BuildLiteBehavior [ RunTime:0.001000s ]
INFO: [ app_init ] --END-- [ RunTime:0.001000s ]

[ 2015-07-01T09:18:11+08:00 ] 127.0.0.1 /admin.php/Config/Public/Admin/images/xtb2.png
INFO: [ app_init ] --START--
INFO: Run Behavior\BuildLiteBehavior [ RunTime:0.000000s ]
INFO: [ app_init ] --END-- [ RunTime:0.000000s ]

[ 2015-07-01T09:18:11+08:00 ] 127.0.0.1 /admin.php/Config/Public/Admin/images/xtb1.png
INFO: [ app_init ] --START--
INFO: Run Behavior\BuildLiteBehavior [ RunTime:0.000000s ]
INFO: [ app_init ] --END-- [ RunTime:0.000000s ]

[ 2015-07-01T09:18:11+08:00 ] 127.0.0.1 /admin.php/Config/group.html
INFO: [ app_init ] --START--
INFO: Run Behavior\BuildLiteBehavior [ RunTime:0.000000s ]
INFO: [ app_init ] --END-- [ RunTime:0.000000s ]
INFO: [ app_begin ] --START--
INFO: Run Behavior\ReadHtmlCacheBehavior [ RunTime:0.000000s ]
INFO: [ app_begin ] --END-- [ RunTime:0.001000s ]
SQL: SHOW COLUMNS FROM `jfsd_config` [ RunTime:0.0050s ]
SQL: SELECT `id`,`name`,`title`,`extra`,`value`,`remark`,`type` FROM `jfsd_config` WHERE `status` = 1 AND `group` = 1 ORDER BY sort  [ RunTime:0.0010s ]
INFO: [ view_parse ] --START--
INFO: [ template_filter ] --START--
INFO: Run Behavior\ContentReplaceBehavior [ RunTime:0.000000s ]
INFO: [ template_filter ] --END-- [ RunTime:0.000000s ]
NOTIC: [8] Undefined index: group D:\phpStudy\WWW\thinkphp\Application\Runtime\Cache\Admin\2f28918057fc831bfe087f8953f22c75.php 第 114 行.
NOTIC: [8] Undefined index: group D:\phpStudy\WWW\thinkphp\Application\Runtime\Cache\Admin\2f28918057fc831bfe087f8953f22c75.php 第 114 行.
NOTIC: [8] Undefined index: group D:\phpStudy\WWW\thinkphp\Application\Runtime\Cache\Admin\2f28918057fc831bfe087f8953f22c75.php 第 114 行.
NOTIC: [8] Undefined index: group D:\phpStudy\WWW\thinkphp\Application\Runtime\Cache\Admin\2f28918057fc831bfe087f8953f22c75.php 第 114 行.
NOTIC: [8] Undefined index: group D:\phpStudy\WWW\thinkphp\Application\Runtime\Cache\Admin\2f28918057fc831bfe087f8953f22c75.php 第 114 行.
NOTIC: [8] Undefined variable: _page D:\phpStudy\WWW\thinkphp\Application\Runtime\Cache\Admin\2f28918057fc831bfe087f8953f22c75.php 第 126 行.
INFO: Run Behavior\ParseTemplateBehavior [ RunTime:0.015001s ]
INFO: [ view_parse ] --END-- [ RunTime:0.015001s ]
INFO: [ view_filter ] --START--
INFO: Run Behavior\WriteHtmlCacheBehavior [ RunTime:0.000000s ]
INFO: [ view_filter ] --END-- [ RunTime:0.000000s ]
INFO: [ app_end ] --START--
INFO: Run Behavior\ShowPageTraceBehavior [ RunTime:0.001000s ]
INFO: [ app_end ] --END-- [ RunTime:0.001000s ]

[ 2015-07-01T09:18:11+08:00 ] 127.0.0.1 /admin.php/Config/Public/Admin/images/xtb6.png
INFO: [ app_init ] --START--
INFO: Run Behavior\BuildLiteBehavior [ RunTime:0.000000s ]
INFO: [ app_init ] --END-- [ RunTime:0.001000s ]

[ 2015-07-01T09:18:11+08:00 ] 127.0.0.1 /admin.php/Config/Public/Admin/images/xtb5.png
INFO: [ app_init ] --START--
INFO: Run Behavior\BuildLiteBehavior [ RunTime:0.000000s ]
INFO: [ app_init ] --END-- [ RunTime:0.001001s ]

[ 2015-07-01T09:18:11+08:00 ] 127.0.0.1 /admin.php/Config/Public/Admin/images/xtb4.png
INFO: [ app_init ] --START--
INFO: Run Behavior\BuildLiteBehavior [ RunTime:0.000000s ]
INFO: [ app_init ] --END-- [ RunTime:0.001000s ]

[ 2015-07-01T09:18:11+08:00 ] 127.0.0.1 /admin.php/Config/Public/Admin/images/xtb3.png
INFO: [ app_init ] --START--
INFO: Run Behavior\BuildLiteBehavior [ RunTime:0.000000s ]
INFO: [ app_init ] --END-- [ RunTime:0.001000s ]

[ 2015-07-01T09:18:11+08:00 ] 127.0.0.1 /admin.php/Config/Public/Admin/images/xtb2.png
INFO: [ app_init ] --START--
INFO: Run Behavior\BuildLiteBehavior [ RunTime:0.000000s ]
INFO: [ app_init ] --END-- [ RunTime:0.001000s ]

[ 2015-07-01T09:18:11+08:00 ] 127.0.0.1 /admin.php/Config/Public/Admin/images/xtb1.png
INFO: [ app_init ] --START--
INFO: Run Behavior\BuildLiteBehavior [ RunTime:0.000000s ]
INFO: [ app_init ] --END-- [ RunTime:0.001000s ]

[ 2015-07-01T09:18:12+08:00 ] 127.0.0.1 /admin.php/Config/index.html
INFO: [ app_init ] --START--
INFO: Run Behavior\BuildLiteBehavior [ RunTime:0.000000s ]
INFO: [ app_init ] --END-- [ RunTime:0.001000s ]
INFO: [ app_begin ] --START--
INFO: Run Behavior\ReadHtmlCacheBehavior [ RunTime:0.001000s ]
INFO: [ app_begin ] --END-- [ RunTime:0.001000s ]
SQL: SHOW COLUMNS FROM `jfsd_config` [ RunTime:0.0060s ]
SQL: SELECT COUNT(*) AS tp_count FROM `jfsd_config` WHERE `status` = 1 LIMIT 1   [ RunTime:0.0000s ]
SQL: SELECT `id`,`name`,`type`,`title`,`group`,`extra`,`remark`,`create_time`,`update_time`,`status`,`value`,`sort` FROM `jfsd_config` WHERE `status` = 1 ORDER BY sort,id LIMIT 0,15   [ RunTime:0.0010s ]
INFO: [ view_parse ] --START--
INFO: [ template_filter ] --START--
INFO: Run Behavior\ContentReplaceBehavior [ RunTime:0.001000s ]
INFO: [ template_filter ] --END-- [ RunTime:0.001000s ]
INFO: Run Behavior\ParseTemplateBehavior [ RunTime:0.014001s ]
INFO: [ view_parse ] --END-- [ RunTime:0.014001s ]
INFO: [ view_filter ] --START--
INFO: Run Behavior\WriteHtmlCacheBehavior [ RunTime:0.000000s ]
INFO: [ view_filter ] --END-- [ RunTime:0.000000s ]
INFO: [ app_end ] --START--
INFO: Run Behavior\ShowPageTraceBehavior [ RunTime:0.000000s ]
INFO: [ app_end ] --END-- [ RunTime:0.001000s ]

[ 2015-07-01T09:18:12+08:00 ] 127.0.0.1 /admin.php/Config/Public/Admin/images/xtb2.png
INFO: [ app_init ] --START--
INFO: Run Behavior\BuildLiteBehavior [ RunTime:0.000000s ]
INFO: [ app_init ] --END-- [ RunTime:0.001000s ]

[ 2015-07-01T09:18:12+08:00 ] 127.0.0.1 /admin.php/Config/Public/Admin/images/xtb5.png
INFO: [ app_init ] --START--
INFO: Run Behavior\BuildLiteBehavior [ RunTime:0.000000s ]
INFO: [ app_init ] --END-- [ RunTime:0.000000s ]

[ 2015-07-01T09:18:12+08:00 ] 127.0.0.1 /admin.php/Config/Public/Admin/images/xtb3.png
INFO: [ app_init ] --START--
INFO: Run Behavior\BuildLiteBehavior [ RunTime:0.000000s ]
INFO: [ app_init ] --END-- [ RunTime:0.001000s ]

[ 2015-07-01T09:18:12+08:00 ] 127.0.0.1 /admin.php/Config/Public/Admin/images/xtb6.png
INFO: [ app_init ] --START--
INFO: Run Behavior\BuildLiteBehavior [ RunTime:0.000000s ]
INFO: [ app_init ] --END-- [ RunTime:0.000000s ]

[ 2015-07-01T09:18:12+08:00 ] 127.0.0.1 /admin.php/Config/Public/Admin/images/xtb4.png
INFO: [ app_init ] --START--
INFO: Run Behavior\BuildLiteBehavior [ RunTime:0.000000s ]
INFO: [ app_init ] --END-- [ RunTime:0.001000s ]

[ 2015-07-01T09:18:12+08:00 ] 127.0.0.1 /admin.php/Config/Public/Admin/images/xtb1.png
INFO: [ app_init ] --START--
INFO: Run Behavior\BuildLiteBehavior [ RunTime:0.000000s ]
INFO: [ app_init ] --END-- [ RunTime:0.001000s ]

[ 2015-07-01T09:18:27+08:00 ] 127.0.0.1 /admin.php/Config/index.html
INFO: [ app_init ] --START--
INFO: Run Behavior\BuildLiteBehavior [ RunTime:0.000000s ]
INFO: [ app_init ] --END-- [ RunTime:0.001000s ]
INFO: [ app_begin ] --START--
INFO: Run Behavior\ReadHtmlCacheBehavior [ RunTime:0.001000s ]
INFO: [ app_begin ] --END-- [ RunTime:0.001000s ]
SQL: SHOW COLUMNS FROM `jfsd_config` [ RunTime:0.0050s ]
SQL: SELECT COUNT(*) AS tp_count FROM `jfsd_config` WHERE `status` = 1 LIMIT 1   [ RunTime:0.0010s ]
SQL: SELECT `id`,`name`,`type`,`title`,`group`,`extra`,`remark`,`create_time`,`update_time`,`status`,`value`,`sort` FROM `jfsd_config` WHERE `status` = 1 ORDER BY sort,id LIMIT 0,15   [ RunTime:0.0010s ]
INFO: [ view_parse ] --START--
INFO: [ template_filter ] --START--
INFO: Run Behavior\ContentReplaceBehavior [ RunTime:0.000000s ]
INFO: [ template_filter ] --END-- [ RunTime:0.000000s ]
INFO: Run Behavior\ParseTemplateBehavior [ RunTime:0.016001s ]
INFO: [ view_parse ] --END-- [ RunTime:0.016001s ]
INFO: [ view_filter ] --START--
INFO: Run Behavior\WriteHtmlCacheBehavior [ RunTime:0.000000s ]
INFO: [ view_filter ] --END-- [ RunTime:0.001000s ]
INFO: [ app_end ] --START--
INFO: Run Behavior\ShowPageTraceBehavior [ RunTime:0.001000s ]
INFO: [ app_end ] --END-- [ RunTime:0.001000s ]

[ 2015-07-01T09:18:27+08:00 ] 127.0.0.1 /admin.php/Config/Public/Admin/images/xtb6.png
INFO: [ app_init ] --START--
INFO: Run Behavior\BuildLiteBehavior [ RunTime:0.000000s ]
INFO: [ app_init ] --END-- [ RunTime:0.001000s ]

[ 2015-07-01T09:18:27+08:00 ] 127.0.0.1 /admin.php/Config/Public/Admin/images/xtb5.png
INFO: [ app_init ] --START--
INFO: Run Behavior\BuildLiteBehavior [ RunTime:0.000000s ]
INFO: [ app_init ] --END-- [ RunTime:0.001000s ]

[ 2015-07-01T09:18:27+08:00 ] 127.0.0.1 /admin.php/Config/Public/Admin/images/xtb3.png
INFO: [ app_init ] --START--
INFO: Run Behavior\BuildLiteBehavior [ RunTime:0.000000s ]
INFO: [ app_init ] --END-- [ RunTime:0.001000s ]

[ 2015-07-01T09:18:27+08:00 ] 127.0.0.1 /admin.php/Config/Public/Admin/images/xtb2.png
INFO: [ app_init ] --START--
INFO: Run Behavior\BuildLiteBehavior [ RunTime:0.000000s ]
INFO: [ app_init ] --END-- [ RunTime:0.000000s ]

[ 2015-07-01T09:18:27+08:00 ] 127.0.0.1 /admin.php/Config/Public/Admin/images/xtb1.png
INFO: [ app_init ] --START--
INFO: Run Behavior\BuildLiteBehavior [ RunTime:0.000000s ]
INFO: [ app_init ] --END-- [ RunTime:0.001001s ]

[ 2015-07-01T09:18:27+08:00 ] 127.0.0.1 /admin.php/Config/Public/Admin/images/xtb4.png
INFO: [ app_init ] --START--
INFO: Run Behavior\BuildLiteBehavior [ RunTime:0.000000s ]
INFO: [ app_init ] --END-- [ RunTime:0.001000s ]

[ 2015-07-01T09:18:37+08:00 ] 127.0.0.1 /admin.php/Config/group.html
INFO: [ app_init ] --START--
INFO: Run Behavior\BuildLiteBehavior [ RunTime:0.000000s ]
INFO: [ app_init ] --END-- [ RunTime:0.001000s ]
INFO: [ app_begin ] --START--
INFO: Run Behavior\ReadHtmlCacheBehavior [ RunTime:0.001000s ]
INFO: [ app_begin ] --END-- [ RunTime:0.001000s ]
SQL: SHOW COLUMNS FROM `jfsd_config` [ RunTime:0.0060s ]
SQL: SELECT `id`,`name`,`title`,`extra`,`value`,`remark`,`type` FROM `jfsd_config` WHERE `status` = 1 AND `group` = 1 ORDER BY sort  [ RunTime:0.0000s ]
INFO: [ view_parse ] --START--
INFO: [ template_filter ] --START--
INFO: Run Behavior\ContentReplaceBehavior [ RunTime:0.000000s ]
INFO: [ template_filter ] --END-- [ RunTime:0.000000s ]
NOTIC: [8] Undefined index: group D:\phpStudy\WWW\thinkphp\Application\Runtime\Cache\Admin\2f28918057fc831bfe087f8953f22c75.php 第 114 行.
NOTIC: [8] Undefined index: group D:\phpStudy\WWW\thinkphp\Application\Runtime\Cache\Admin\2f28918057fc831bfe087f8953f22c75.php 第 114 行.
NOTIC: [8] Undefined index: group D:\phpStudy\WWW\thinkphp\Application\Runtime\Cache\Admin\2f28918057fc831bfe087f8953f22c75.php 第 114 行.
NOTIC: [8] Undefined index: group D:\phpStudy\WWW\thinkphp\Application\Runtime\Cache\Admin\2f28918057fc831bfe087f8953f22c75.php 第 114 行.
NOTIC: [8] Undefined index: group D:\phpStudy\WWW\thinkphp\Application\Runtime\Cache\Admin\2f28918057fc831bfe087f8953f22c75.php 第 114 行.
NOTIC: [8] Undefined variable: _page D:\phpStudy\WWW\thinkphp\Application\Runtime\Cache\Admin\2f28918057fc831bfe087f8953f22c75.php 第 126 行.
INFO: Run Behavior\ParseTemplateBehavior [ RunTime:0.013001s ]
INFO: [ view_parse ] --END-- [ RunTime:0.013001s ]
INFO: [ view_filter ] --START--
INFO: Run Behavior\WriteHtmlCacheBehavior [ RunTime:0.000000s ]
INFO: [ view_filter ] --END-- [ RunTime:0.000000s ]
INFO: [ app_end ] --START--
INFO: Run Behavior\ShowPageTraceBehavior [ RunTime:0.001000s ]
INFO: [ app_end ] --END-- [ RunTime:0.001000s ]

[ 2015-07-01T09:18:37+08:00 ] 127.0.0.1 /admin.php/Config/Public/Admin/images/xtb6.png
INFO: [ app_init ] --START--
INFO: Run Behavior\BuildLiteBehavior [ RunTime:0.000000s ]
INFO: [ app_init ] --END-- [ RunTime:0.001000s ]

[ 2015-07-01T09:18:37+08:00 ] 127.0.0.1 /admin.php/Config/Public/Admin/images/xtb5.png
INFO: [ app_init ] --START--
INFO: Run Behavior\BuildLiteBehavior [ RunTime:0.000000s ]
INFO: [ app_init ] --END-- [ RunTime:0.001000s ]

[ 2015-07-01T09:18:37+08:00 ] 127.0.0.1 /admin.php/Config/Public/Admin/images/xtb2.png
INFO: [ app_init ] --START--
INFO: Run Behavior\BuildLiteBehavior [ RunTime:0.000000s ]
INFO: [ app_init ] --END-- [ RunTime:0.001000s ]

[ 2015-07-01T09:18:37+08:00 ] 127.0.0.1 /admin.php/Config/Public/Admin/images/xtb3.png
INFO: [ app_init ] --START--
INFO: Run Behavior\BuildLiteBehavior [ RunTime:0.000000s ]
INFO: [ app_init ] --END-- [ RunTime:0.001000s ]

[ 2015-07-01T09:18:37+08:00 ] 127.0.0.1 /admin.php/Config/Public/Admin/images/xtb4.png
INFO: [ app_init ] --START--
INFO: Run Behavior\BuildLiteBehavior [ RunTime:0.000000s ]
INFO: [ app_init ] --END-- [ RunTime:0.001000s ]

[ 2015-07-01T09:18:37+08:00 ] 127.0.0.1 /admin.php/Config/Public/Admin/images/xtb1.png
INFO: [ app_init ] --START--
INFO: Run Behavior\BuildLiteBehavior [ RunTime:0.000000s ]
INFO: [ app_init ] --END-- [ RunTime:0.001000s ]

[ 2015-07-01T09:18:43+08:00 ] 127.0.0.1 /admin.php/Config/index.html
INFO: [ app_init ] --START--
INFO: Run Behavior\BuildLiteBehavior [ RunTime:0.000000s ]
INFO: [ app_init ] --END-- [ RunTime:0.001000s ]
INFO: [ app_begin ] --START--
INFO: Run Behavior\ReadHtmlCacheBehavior [ RunTime:0.001000s ]
INFO: [ app_begin ] --END-- [ RunTime:0.001000s ]
SQL: SHOW COLUMNS FROM `jfsd_config` [ RunTime:0.0050s ]
SQL: SELECT COUNT(*) AS tp_count FROM `jfsd_config` WHERE `status` = 1 LIMIT 1   [ RunTime:0.0000s ]
SQL: SELECT `id`,`name`,`type`,`title`,`group`,`extra`,`remark`,`create_time`,`update_time`,`status`,`value`,`sort` FROM `jfsd_config` WHERE `status` = 1 ORDER BY sort,id LIMIT 0,15   [ RunTime:0.0010s ]
INFO: [ view_parse ] --START--
INFO: [ template_filter ] --START--
INFO: Run Behavior\ContentReplaceBehavior [ RunTime:0.000000s ]
INFO: [ template_filter ] --END-- [ RunTime:0.001000s ]
INFO: Run Behavior\ParseTemplateBehavior [ RunTime:0.016001s ]
INFO: [ view_parse ] --END-- [ RunTime:0.016001s ]
INFO: [ view_filter ] --START--
INFO: Run Behavior\WriteHtmlCacheBehavior [ RunTime:0.000000s ]
INFO: [ view_filter ] --END-- [ RunTime:0.000000s ]
INFO: [ app_end ] --START--
INFO: Run Behavior\ShowPageTraceBehavior [ RunTime:0.001000s ]
INFO: [ app_end ] --END-- [ RunTime:0.001000s ]

[ 2015-07-01T09:18:43+08:00 ] 127.0.0.1 /admin.php/Config/Public/Admin/images/xtb6.png
INFO: [ app_init ] --START--
INFO: Run Behavior\BuildLiteBehavior [ RunTime:0.000000s ]
INFO: [ app_init ] --END-- [ RunTime:0.001000s ]

[ 2015-07-01T09:18:43+08:00 ] 127.0.0.1 /admin.php/Config/Public/Admin/images/xtb5.png
INFO: [ app_init ] --START--
INFO: Run Behavior\BuildLiteBehavior [ RunTime:0.000000s ]
INFO: [ app_init ] --END-- [ RunTime:0.001000s ]

[ 2015-07-01T09:18:43+08:00 ] 127.0.0.1 /admin.php/Config/Public/Admin/images/xtb4.png
INFO: [ app_init ] --START--
INFO: Run Behavior\BuildLiteBehavior [ RunTime:0.000000s ]
INFO: [ app_init ] --END-- [ RunTime:0.000000s ]

[ 2015-07-01T09:18:43+08:00 ] 127.0.0.1 /admin.php/Config/Public/Admin/images/xtb2.png
INFO: [ app_init ] --START--
INFO: Run Behavior\BuildLiteBehavior [ RunTime:0.000000s ]
INFO: [ app_init ] --END-- [ RunTime:0.001000s ]

[ 2015-07-01T09:18:43+08:00 ] 127.0.0.1 /admin.php/Config/Public/Admin/images/xtb3.png
INFO: [ app_init ] --START--
INFO: Run Behavior\BuildLiteBehavior [ RunTime:0.000000s ]
INFO: [ app_init ] --END-- [ RunTime:0.001000s ]

[ 2015-07-01T09:18:43+08:00 ] 127.0.0.1 /admin.php/Config/Public/Admin/images/xtb1.png
INFO: [ app_init ] --START--
INFO: Run Behavior\BuildLiteBehavior [ RunTime:0.000000s ]
INFO: [ app_init ] --END-- [ RunTime:0.001000s ]

